[2025-08-17_20-48-37][WARNING] Failed to bind server socket
[2025-08-17_20-48-37][TECH] Update
[2025-08-17_20-48-37][TECH] PollFDManager Update
[2025-08-17_20-48-42][INFO] === Class State ===
Listeners count: 1

-- fds (1) --
  [0] fd=3 events=POLLIN revents=0

-- upd_listeners (1) --
  [0] fd=3 events=POLLIN revents=POLLIN

-- upd_clients (0) --

[2025-08-17_20-48-42][TECH] ListenerManager Update
[2025-08-17_20-48-42][TECH] ClientManager Update
[2025-08-17_20-48-42][TECH] CommandManager Update
[2025-08-17_20-48-42][INFO] Client added=== Client ===
ClientData:
  fd=8
  nickname=
  username=
  servername=
  password=
  host=localhost
  prefix=
  hasbeenwelcomed=false
  isauthenticated=false
  isoperator=false
  authstatus=0
  channels={}
Buffer (incoming): ""
Buffer (to send): ""
Messages received (0):
Messages to send (0):
_quit_status=0 _auth_status=0 _ping_status=0

[2025-08-17_20-48-42][TECH] Client Manager OnUpdateFinish
[2025-08-17_20-48-42][TECH] Update
[2025-08-17_20-48-42][TECH] PollFDManager Update
[2025-08-17_20-48-42][INFO] === Class State ===
Listeners count: 1

-- fds (2) --
  [0] fd=3 events=POLLIN revents=0
  [1] fd=8 events=POLLIN revents=0

-- upd_listeners (0) --

-- upd_clients (1) --
  [0] fd=8 events=POLLIN revents=POLLIN

[2025-08-17_20-48-42][TECH] ListenerManager Update
[2025-08-17_20-48-42][TECH] ClientManager Update
[2025-08-17_20-48-42][TECH] CommandManager Update
[2025-08-17_20-48-42][TECH] CommandData { prefix="", cmd="CAP", args=["LS"], client=, hash=4294967295 }
[2025-08-17_20-48-42][TECH] CommandData { prefix="", cmd="PASS", args=["password123"], client=, hash=1346458451 }
[2025-08-17_20-48-42][TECH] CommandData { prefix="", cmd="NICK", args=["user1"], client=, hash=1313424203 }
[2025-08-17_20-48-42][TECH] CommandData { prefix="", cmd="USER", args=["wayden", "wayden", "localhost", "wayden"], client=user1, hash=1431520594 }
[2025-08-17_20-48-42][TECH] Client Manager OnUpdateFinish
[2025-08-17_20-48-42][TECH] Update
[2025-08-17_20-48-42][TECH] PollFDManager Update
[2025-08-17_20-48-42][INFO] === Class State ===
Listeners count: 1

-- fds (2) --
  [0] fd=3 events=POLLIN revents=0
  [1] fd=8 events=POLLIN|POLLOUT revents=0

-- upd_listeners (0) --

-- upd_clients (1) --
  [0] fd=8 events=POLLIN|POLLOUT revents=POLLOUT

[2025-08-17_20-48-42][TECH] ListenerManager Update
[2025-08-17_20-48-42][TECH] ClientManager Update
[2025-08-17_20-48-42][TECH] CommandManager Update
[2025-08-17_20-48-42][TECH] Client Manager OnUpdateFinish
[2025-08-17_20-48-42][TECH] Update
[2025-08-17_20-48-42][TECH] PollFDManager Update
[2025-08-17_20-48-42][INFO] === Class State ===
Listeners count: 1

-- fds (2) --
  [0] fd=3 events=POLLIN revents=0
  [1] fd=8 events=POLLIN revents=0

-- upd_listeners (0) --

-- upd_clients (1) --
  [0] fd=8 events=POLLIN revents=POLLIN

[2025-08-17_20-48-42][TECH] ListenerManager Update
[2025-08-17_20-48-42][TECH] ClientManager Update
[2025-08-17_20-48-42][TECH] CommandManager Update
[2025-08-17_20-48-42][TECH] CommandData { prefix="", cmd="MODE", args=["user1", "+i"], client=user1, hash=1297040453 }
[2025-08-17_20-48-42][TECH] Client Manager OnUpdateFinish
[2025-08-17_20-48-42][TECH] Update
[2025-08-17_20-48-42][TECH] PollFDManager Update
[2025-08-17_20-48-45][INFO] === Class State ===
Listeners count: 1

-- fds (2) --
  [0] fd=3 events=POLLIN revents=0
  [1] fd=8 events=POLLIN revents=0

-- upd_listeners (0) --

-- upd_clients (1) --
  [0] fd=8 events=POLLIN revents=POLLIN

[2025-08-17_20-48-45][TECH] ListenerManager Update
[2025-08-17_20-48-45][TECH] ClientManager Update
[2025-08-17_20-48-45][TECH] CommandManager Update
[2025-08-17_20-48-45][TECH] CommandData { prefix="", cmd="PING", args=["ircserv"], client=user1, hash=1346981447 }
[2025-08-17_20-48-45][TECH] Client Manager OnUpdateFinish
[2025-08-17_20-48-45][TECH] Update
[2025-08-17_20-48-45][TECH] PollFDManager Update
[2025-08-17_20-48-45][INFO] === Class State ===
Listeners count: 1

-- fds (2) --
  [0] fd=3 events=POLLIN revents=0
  [1] fd=8 events=POLLIN|POLLOUT revents=0

-- upd_listeners (0) --

-- upd_clients (1) --
  [0] fd=8 events=POLLIN|POLLOUT revents=POLLOUT

[2025-08-17_20-48-45][TECH] ListenerManager Update
[2025-08-17_20-48-45][TECH] ClientManager Update
[2025-08-17_20-48-45][TECH] CommandManager Update
[2025-08-17_20-48-45][TECH] Client Manager OnUpdateFinish
[2025-08-17_20-48-45][TECH] Update
[2025-08-17_20-48-45][TECH] PollFDManager Update
[2025-08-17_20-48-47][INFO] === Class State ===
Listeners count: 1

-- fds (2) --
  [0] fd=3 events=POLLIN revents=0
  [1] fd=8 events=POLLIN revents=0

-- upd_listeners (1) --
  [0] fd=3 events=POLLIN revents=POLLIN

-- upd_clients (0) --

[2025-08-17_20-48-47][TECH] ListenerManager Update
[2025-08-17_20-48-47][TECH] ClientManager Update
[2025-08-17_20-48-47][TECH] CommandManager Update
[2025-08-17_20-48-47][INFO] Client added=== Client ===
ClientData:
  fd=9
  nickname=
  username=
  servername=
  password=
  host=localhost
  prefix=
  hasbeenwelcomed=false
  isauthenticated=false
  isoperator=false
  authstatus=0
  channels={}
Buffer (incoming): ""
Buffer (to send): ""
Messages received (0):
Messages to send (0):
_quit_status=0 _auth_status=0 _ping_status=0

[2025-08-17_20-48-47][TECH] Client Manager OnUpdateFinish
[2025-08-17_20-48-47][TECH] Update
[2025-08-17_20-48-47][TECH] PollFDManager Update
[2025-08-17_20-48-47][INFO] === Class State ===
Listeners count: 1

-- fds (3) --
  [0] fd=3 events=POLLIN revents=0
  [1] fd=8 events=POLLIN revents=0
  [2] fd=9 events=POLLIN revents=0

-- upd_listeners (0) --

-- upd_clients (1) --
  [0] fd=9 events=POLLIN revents=POLLIN

[2025-08-17_20-48-47][TECH] ListenerManager Update
[2025-08-17_20-48-47][TECH] ClientManager Update
[2025-08-17_20-48-47][TECH] CommandManager Update
[2025-08-17_20-48-47][TECH] CommandData { prefix="", cmd="CAP", args=["LS"], client=, hash=4294967295 }
[2025-08-17_20-48-47][TECH] CommandData { prefix="", cmd="PASS", args=["password123"], client=, hash=1346458451 }
[2025-08-17_20-48-47][TECH] CommandData { prefix="", cmd="NICK", args=["user2"], client=, hash=1313424203 }
[2025-08-17_20-48-47][TECH] CommandData { prefix="", cmd="USER", args=["wayden", "wayden", "localhost", "wayden"], client=user2, hash=1431520594 }
[2025-08-17_20-48-47][TECH] Client Manager OnUpdateFinish
[2025-08-17_20-48-47][TECH] Update
[2025-08-17_20-48-47][TECH] PollFDManager Update
[2025-08-17_20-48-47][INFO] === Class State ===
Listeners count: 1

-- fds (3) --
  [0] fd=3 events=POLLIN revents=0
  [1] fd=8 events=POLLIN revents=0
  [2] fd=9 events=POLLIN|POLLOUT revents=0

-- upd_listeners (0) --

-- upd_clients (1) --
  [0] fd=9 events=POLLIN|POLLOUT revents=POLLOUT

[2025-08-17_20-48-47][TECH] ListenerManager Update
[2025-08-17_20-48-47][TECH] ClientManager Update
[2025-08-17_20-48-47][TECH] CommandManager Update
[2025-08-17_20-48-47][TECH] Client Manager OnUpdateFinish
[2025-08-17_20-48-47][TECH] Update
[2025-08-17_20-48-47][TECH] PollFDManager Update
[2025-08-17_20-48-47][INFO] === Class State ===
Listeners count: 1

-- fds (3) --
  [0] fd=3 events=POLLIN revents=0
  [1] fd=8 events=POLLIN revents=0
  [2] fd=9 events=POLLIN revents=0

-- upd_listeners (0) --

-- upd_clients (1) --
  [0] fd=9 events=POLLIN revents=POLLIN

[2025-08-17_20-48-47][TECH] ListenerManager Update
[2025-08-17_20-48-47][TECH] ClientManager Update
[2025-08-17_20-48-47][TECH] CommandManager Update
[2025-08-17_20-48-47][TECH] CommandData { prefix="", cmd="MODE", args=["user2", "+i"], client=user2, hash=1297040453 }
[2025-08-17_20-48-47][TECH] Client Manager OnUpdateFinish
[2025-08-17_20-48-47][TECH] Update
[2025-08-17_20-48-47][TECH] PollFDManager Update
[2025-08-17_20-48-50][INFO] === Class State ===
Listeners count: 1

-- fds (3) --
  [0] fd=3 events=POLLIN revents=0
  [1] fd=8 events=POLLIN revents=0
  [2] fd=9 events=POLLIN revents=0

-- upd_listeners (0) --

-- upd_clients (1) --
  [0] fd=9 events=POLLIN revents=POLLIN

[2025-08-17_20-48-50][TECH] ListenerManager Update
[2025-08-17_20-48-50][TECH] ClientManager Update
[2025-08-17_20-48-50][TECH] CommandManager Update
[2025-08-17_20-48-50][TECH] CommandData { prefix="", cmd="PING", args=["ircserv"], client=user2, hash=1346981447 }
[2025-08-17_20-48-50][TECH] Client Manager OnUpdateFinish
[2025-08-17_20-48-50][TECH] Update
[2025-08-17_20-48-50][TECH] PollFDManager Update
[2025-08-17_20-48-50][INFO] === Class State ===
Listeners count: 1

-- fds (3) --
  [0] fd=3 events=POLLIN revents=0
  [1] fd=8 events=POLLIN revents=0
  [2] fd=9 events=POLLIN|POLLOUT revents=0

-- upd_listeners (0) --

-- upd_clients (1) --
  [0] fd=9 events=POLLIN|POLLOUT revents=POLLOUT

[2025-08-17_20-48-50][TECH] ListenerManager Update
[2025-08-17_20-48-50][TECH] ClientManager Update
[2025-08-17_20-48-50][TECH] CommandManager Update
[2025-08-17_20-48-50][TECH] Client Manager OnUpdateFinish
[2025-08-17_20-48-50][TECH] Update
[2025-08-17_20-48-50][TECH] PollFDManager Update
[2025-08-17_20-48-51][INFO] === Class State ===
Listeners count: 1

-- fds (3) --
  [0] fd=3 events=POLLIN revents=0
  [1] fd=8 events=POLLIN revents=0
  [2] fd=9 events=POLLIN revents=0

-- upd_listeners (0) --

-- upd_clients (1) --
  [0] fd=8 events=POLLIN revents=POLLIN

[2025-08-17_20-48-51][TECH] ListenerManager Update
[2025-08-17_20-48-51][TECH] ClientManager Update
[2025-08-17_20-48-51][TECH] CommandManager Update
[2025-08-17_20-48-51][TECH] CommandData { prefix="", cmd="JOIN", args=["#channel"], client=user1, hash=1246710094 }
[2025-08-17_20-48-51][TECH] === Channel ===
Name: #channel
Key: 
Topic: 
isFull: false
isInviteOnly: false
hasKey: false
isTopicProtected: false
maxClients: 0
Invited clients (0): 
Banned clients (0): 
Clients in channel (1): user1
Operators (0): 

[2025-08-17_20-48-51][TECH] === Channel ===
Name: #channel
Key: 
Topic: 
isFull: false
isInviteOnly: false
hasKey: false
isTopicProtected: false
maxClients: 0
Invited clients (0): 
Banned clients (0): 
Clients in channel (1): user1
Operators (1): user1

[2025-08-17_20-48-51][TECH] Client Manager OnUpdateFinish
[2025-08-17_20-48-51][TECH] Update
[2025-08-17_20-48-51][TECH] PollFDManager Update
[2025-08-17_20-48-51][INFO] === Class State ===
Listeners count: 1

-- fds (3) --
  [0] fd=3 events=POLLIN revents=0
  [1] fd=8 events=POLLIN|POLLOUT revents=0
  [2] fd=9 events=POLLIN revents=0

-- upd_listeners (0) --

-- upd_clients (1) --
  [0] fd=8 events=POLLIN|POLLOUT revents=POLLOUT

[2025-08-17_20-48-51][TECH] ListenerManager Update
[2025-08-17_20-48-51][TECH] ClientManager Update
[2025-08-17_20-48-51][TECH] CommandManager Update
[2025-08-17_20-48-51][TECH] Client Manager OnUpdateFinish
[2025-08-17_20-48-51][TECH] Update
[2025-08-17_20-48-51][TECH] PollFDManager Update
[2025-08-17_20-49-01][INFO] === Class State ===
Listeners count: 1

-- fds (3) --
  [0] fd=3 events=POLLIN revents=0
  [1] fd=8 events=POLLIN revents=0
  [2] fd=9 events=POLLIN revents=0

-- upd_listeners (0) --

-- upd_clients (1) --
  [0] fd=9 events=POLLIN revents=POLLIN

[2025-08-17_20-49-01][TECH] ListenerManager Update
[2025-08-17_20-49-01][TECH] ClientManager Update
[2025-08-17_20-49-01][TECH] CommandManager Update
[2025-08-17_20-49-01][TECH] CommandData { prefix="", cmd="JOIN", args=["#channel"], client=user2, hash=1246710094 }
[2025-08-17_20-49-01][TECH] === Channel ===
Name: #channel
Key: 
Topic: 
isFull: false
isInviteOnly: false
hasKey: false
isTopicProtected: false
maxClients: 0
Invited clients (0): 
Banned clients (0): 
Clients in channel (2): user1, user2
Operators (1): user1

[2025-08-17_20-49-01][TECH] Client Manager OnUpdateFinish
[2025-08-17_20-49-01][TECH] Update
[2025-08-17_20-49-01][TECH] PollFDManager Update
[2025-08-17_20-49-01][INFO] === Class State ===
Listeners count: 1

-- fds (3) --
  [0] fd=3 events=POLLIN revents=0
  [1] fd=8 events=POLLIN|POLLOUT revents=0
  [2] fd=9 events=POLLIN|POLLOUT revents=0

-- upd_listeners (0) --

-- upd_clients (2) --
  [0] fd=8 events=POLLIN|POLLOUT revents=POLLOUT
  [1] fd=9 events=POLLIN|POLLOUT revents=POLLOUT

[2025-08-17_20-49-01][TECH] ListenerManager Update
[2025-08-17_20-49-01][TECH] ClientManager Update
[2025-08-17_20-49-01][TECH] CommandManager Update
[2025-08-17_20-49-01][TECH] Client Manager OnUpdateFinish
[2025-08-17_20-49-01][TECH] Update
[2025-08-17_20-49-01][TECH] PollFDManager Update
[2025-08-17_20-49-10][INFO] === Class State ===
Listeners count: 1

-- fds (3) --
  [0] fd=3 events=POLLIN revents=0
  [1] fd=8 events=POLLIN revents=0
  [2] fd=9 events=POLLIN revents=0

-- upd_listeners (1) --
  [0] fd=3 events=POLLIN revents=POLLIN

-- upd_clients (0) --

[2025-08-17_20-49-10][TECH] ListenerManager Update
[2025-08-17_20-49-10][TECH] ClientManager Update
[2025-08-17_20-49-10][TECH] CommandManager Update
[2025-08-17_20-49-10][INFO] Client added=== Client ===
ClientData:
  fd=10
  nickname=
  username=
  servername=
  password=
  host=localhost
  prefix=
  hasbeenwelcomed=false
  isauthenticated=false
  isoperator=false
  authstatus=0
  channels={}
Buffer (incoming): ""
Buffer (to send): ""
Messages received (0):
Messages to send (0):
_quit_status=0 _auth_status=0 _ping_status=0

[2025-08-17_20-49-10][TECH] Client Manager OnUpdateFinish
[2025-08-17_20-49-10][TECH] Update
[2025-08-17_20-49-10][TECH] PollFDManager Update
[2025-08-17_20-49-10][INFO] === Class State ===
Listeners count: 1

-- fds (4) --
  [0] fd=3 events=POLLIN revents=0
  [1] fd=8 events=POLLIN revents=0
  [2] fd=9 events=POLLIN revents=0
  [3] fd=10 events=POLLIN revents=0

-- upd_listeners (0) --

-- upd_clients (1) --
  [0] fd=10 events=POLLIN revents=POLLIN

[2025-08-17_20-49-10][TECH] ListenerManager Update
[2025-08-17_20-49-10][TECH] ClientManager Update
[2025-08-17_20-49-10][TECH] CommandManager Update
[2025-08-17_20-49-10][TECH] CommandData { prefix="", cmd="CAP", args=["LS"], client=, hash=4294967295 }
[2025-08-17_20-49-10][TECH] CommandData { prefix="", cmd="PASS", args=["password123"], client=, hash=1346458451 }
[2025-08-17_20-49-10][TECH] CommandData { prefix="", cmd="NICK", args=["user3"], client=, hash=1313424203 }
[2025-08-17_20-49-10][TECH] CommandData { prefix="", cmd="USER", args=["wayden", "wayden", "localhost", "wayden"], client=user3, hash=1431520594 }
[2025-08-17_20-49-10][TECH] Client Manager OnUpdateFinish
[2025-08-17_20-49-10][TECH] Update
[2025-08-17_20-49-10][TECH] PollFDManager Update
[2025-08-17_20-49-10][INFO] === Class State ===
Listeners count: 1

-- fds (4) --
  [0] fd=3 events=POLLIN revents=0
  [1] fd=8 events=POLLIN revents=0
  [2] fd=9 events=POLLIN revents=0
  [3] fd=10 events=POLLIN|POLLOUT revents=0

-- upd_listeners (0) --

-- upd_clients (1) --
  [0] fd=10 events=POLLIN|POLLOUT revents=POLLOUT

[2025-08-17_20-49-10][TECH] ListenerManager Update
[2025-08-17_20-49-10][TECH] ClientManager Update
[2025-08-17_20-49-10][TECH] CommandManager Update
[2025-08-17_20-49-10][TECH] Client Manager OnUpdateFinish
[2025-08-17_20-49-10][TECH] Update
[2025-08-17_20-49-10][TECH] PollFDManager Update
[2025-08-17_20-49-10][INFO] === Class State ===
Listeners count: 1

-- fds (4) --
  [0] fd=3 events=POLLIN revents=0
  [1] fd=8 events=POLLIN revents=0
  [2] fd=9 events=POLLIN revents=0
  [3] fd=10 events=POLLIN revents=0

-- upd_listeners (0) --

-- upd_clients (1) --
  [0] fd=10 events=POLLIN revents=POLLIN

[2025-08-17_20-49-10][TECH] ListenerManager Update
[2025-08-17_20-49-10][TECH] ClientManager Update
[2025-08-17_20-49-10][TECH] CommandManager Update
[2025-08-17_20-49-10][TECH] CommandData { prefix="", cmd="MODE", args=["user3", "+i"], client=user3, hash=1297040453 }
[2025-08-17_20-49-10][TECH] Client Manager OnUpdateFinish
[2025-08-17_20-49-10][TECH] Update
[2025-08-17_20-49-10][TECH] PollFDManager Update
[2025-08-17_20-49-13][INFO] === Class State ===
Listeners count: 1

-- fds (4) --
  [0] fd=3 events=POLLIN revents=0
  [1] fd=8 events=POLLIN revents=0
  [2] fd=9 events=POLLIN revents=0
  [3] fd=10 events=POLLIN revents=0

-- upd_listeners (0) --

-- upd_clients (1) --
  [0] fd=10 events=POLLIN revents=POLLIN

[2025-08-17_20-49-13][TECH] ListenerManager Update
[2025-08-17_20-49-13][TECH] ClientManager Update
[2025-08-17_20-49-13][TECH] CommandManager Update
[2025-08-17_20-49-13][TECH] CommandData { prefix="", cmd="PING", args=["ircserv"], client=user3, hash=1346981447 }
[2025-08-17_20-49-13][TECH] Client Manager OnUpdateFinish
[2025-08-17_20-49-13][TECH] Update
[2025-08-17_20-49-13][TECH] PollFDManager Update
[2025-08-17_20-49-13][INFO] === Class State ===
Listeners count: 1

-- fds (4) --
  [0] fd=3 events=POLLIN revents=0
  [1] fd=8 events=POLLIN revents=0
  [2] fd=9 events=POLLIN revents=0
  [3] fd=10 events=POLLIN|POLLOUT revents=0

-- upd_listeners (0) --

-- upd_clients (1) --
  [0] fd=10 events=POLLIN|POLLOUT revents=POLLOUT

[2025-08-17_20-49-13][TECH] ListenerManager Update
[2025-08-17_20-49-13][TECH] ClientManager Update
[2025-08-17_20-49-13][TECH] CommandManager Update
[2025-08-17_20-49-13][TECH] Client Manager OnUpdateFinish
[2025-08-17_20-49-13][TECH] Update
[2025-08-17_20-49-13][TECH] PollFDManager Update
[2025-08-17_20-49-26][INFO] === Class State ===
Listeners count: 1

-- fds (4) --
  [0] fd=3 events=POLLIN revents=0
  [1] fd=8 events=POLLIN revents=0
  [2] fd=9 events=POLLIN revents=0
  [3] fd=10 events=POLLIN revents=0

-- upd_listeners (0) --

-- upd_clients (1) --
  [0] fd=8 events=POLLIN revents=POLLIN

[2025-08-17_20-49-26][TECH] ListenerManager Update
[2025-08-17_20-49-26][TECH] ClientManager Update
[2025-08-17_20-49-26][TECH] CommandManager Update
[2025-08-17_20-49-26][TECH] CommandData { prefix="", cmd="MODE", args=["#channel", "+kli", "keypass", "2"], client=user1, hash=1297040453 }
[2025-08-17_20-49-26][TECH] Client Manager OnUpdateFinish
[2025-08-17_20-49-26][TECH] Update
[2025-08-17_20-49-26][TECH] PollFDManager Update
[2025-08-17_20-49-26][INFO] === Class State ===
Listeners count: 1

-- fds (4) --
  [0] fd=3 events=POLLIN revents=0
  [1] fd=8 events=POLLIN|POLLOUT revents=0
  [2] fd=9 events=POLLIN|POLLOUT revents=0
  [3] fd=10 events=POLLIN revents=0

-- upd_listeners (0) --

-- upd_clients (2) --
  [0] fd=8 events=POLLIN|POLLOUT revents=POLLOUT
  [1] fd=9 events=POLLIN|POLLOUT revents=POLLOUT

[2025-08-17_20-49-26][TECH] ListenerManager Update
[2025-08-17_20-49-26][TECH] ClientManager Update
[2025-08-17_20-49-26][TECH] CommandManager Update
[2025-08-17_20-49-26][TECH] Client Manager OnUpdateFinish
[2025-08-17_20-49-26][TECH] Update
[2025-08-17_20-49-26][TECH] PollFDManager Update
[2025-08-17_20-49-40][INFO] === Class State ===
Listeners count: 1

-- fds (4) --
  [0] fd=3 events=POLLIN revents=0
  [1] fd=8 events=POLLIN revents=0
  [2] fd=9 events=POLLIN revents=0
  [3] fd=10 events=POLLIN revents=0

-- upd_listeners (0) --

-- upd_clients (1) --
  [0] fd=9 events=POLLIN revents=POLLIN

[2025-08-17_20-49-40][TECH] ListenerManager Update
[2025-08-17_20-49-40][TECH] ClientManager Update
[2025-08-17_20-49-40][TECH] CommandManager Update
[2025-08-17_20-49-40][TECH] CommandData { prefix="", cmd="MODE", args=["#channel", "-l"], client=user2, hash=1297040453 }
[2025-08-17_20-49-40][TECH] Client Manager OnUpdateFinish
[2025-08-17_20-49-40][TECH] Update
[2025-08-17_20-49-40][TECH] PollFDManager Update
[2025-08-17_20-49-40][INFO] === Class State ===
Listeners count: 1

-- fds (4) --
  [0] fd=3 events=POLLIN revents=0
  [1] fd=8 events=POLLIN revents=0
  [2] fd=9 events=POLLIN|POLLOUT revents=0
  [3] fd=10 events=POLLIN revents=0

-- upd_listeners (0) --

-- upd_clients (1) --
  [0] fd=9 events=POLLIN|POLLOUT revents=POLLOUT

[2025-08-17_20-49-40][TECH] ListenerManager Update
[2025-08-17_20-49-40][TECH] ClientManager Update
[2025-08-17_20-49-40][TECH] CommandManager Update
[2025-08-17_20-49-40][TECH] Client Manager OnUpdateFinish
[2025-08-17_20-49-40][TECH] Update
[2025-08-17_20-49-40][TECH] PollFDManager Update
[2025-08-17_20-49-46][INFO] === Class State ===
Listeners count: 1

-- fds (4) --
  [0] fd=3 events=POLLIN revents=0
  [1] fd=8 events=POLLIN revents=0
  [2] fd=9 events=POLLIN revents=0
  [3] fd=10 events=POLLIN revents=0

-- upd_listeners (0) --

-- upd_clients (1) --
  [0] fd=8 events=POLLIN revents=POLLIN

[2025-08-17_20-49-46][TECH] ListenerManager Update
[2025-08-17_20-49-46][TECH] ClientManager Update
[2025-08-17_20-49-46][TECH] CommandManager Update
[2025-08-17_20-49-46][TECH] CommandData { prefix="", cmd="PING", args=["ircserv"], client=user1, hash=1346981447 }
[2025-08-17_20-49-46][TECH] Client Manager OnUpdateFinish
[2025-08-17_20-49-46][TECH] Update
[2025-08-17_20-49-46][TECH] PollFDManager Update
[2025-08-17_20-49-46][INFO] === Class State ===
Listeners count: 1

-- fds (4) --
  [0] fd=3 events=POLLIN revents=0
  [1] fd=8 events=POLLIN|POLLOUT revents=0
  [2] fd=9 events=POLLIN revents=0
  [3] fd=10 events=POLLIN revents=0

-- upd_listeners (0) --

-- upd_clients (1) --
  [0] fd=8 events=POLLIN|POLLOUT revents=POLLOUT

[2025-08-17_20-49-46][TECH] ListenerManager Update
[2025-08-17_20-49-46][TECH] ClientManager Update
[2025-08-17_20-49-46][TECH] CommandManager Update
[2025-08-17_20-49-46][TECH] Client Manager OnUpdateFinish
[2025-08-17_20-49-46][TECH] Update
[2025-08-17_20-49-46][TECH] PollFDManager Update
[2025-08-17_20-49-51][INFO] === Class State ===
Listeners count: 1

-- fds (4) --
  [0] fd=3 events=POLLIN revents=0
  [1] fd=8 events=POLLIN revents=0
  [2] fd=9 events=POLLIN revents=0
  [3] fd=10 events=POLLIN revents=0

-- upd_listeners (0) --

-- upd_clients (1) --
  [0] fd=9 events=POLLIN revents=POLLIN

[2025-08-17_20-49-51][TECH] ListenerManager Update
[2025-08-17_20-49-51][TECH] ClientManager Update
[2025-08-17_20-49-51][TECH] CommandManager Update
[2025-08-17_20-49-51][TECH] CommandData { prefix="", cmd="PING", args=["ircserv"], client=user2, hash=1346981447 }
[2025-08-17_20-49-51][TECH] Client Manager OnUpdateFinish
[2025-08-17_20-49-51][TECH] Update
[2025-08-17_20-49-51][TECH] PollFDManager Update
[2025-08-17_20-49-51][INFO] === Class State ===
Listeners count: 1

-- fds (4) --
  [0] fd=3 events=POLLIN revents=0
  [1] fd=8 events=POLLIN revents=0
  [2] fd=9 events=POLLIN|POLLOUT revents=0
  [3] fd=10 events=POLLIN revents=0

-- upd_listeners (0) --

-- upd_clients (1) --
  [0] fd=9 events=POLLIN|POLLOUT revents=POLLOUT

[2025-08-17_20-49-51][TECH] ListenerManager Update
[2025-08-17_20-49-51][TECH] ClientManager Update
[2025-08-17_20-49-51][TECH] CommandManager Update
[2025-08-17_20-49-51][TECH] Client Manager OnUpdateFinish
[2025-08-17_20-49-51][TECH] Update
[2025-08-17_20-49-51][TECH] PollFDManager Update
[2025-08-17_20-49-54][INFO] === Class State ===
Listeners count: 1

-- fds (4) --
  [0] fd=3 events=POLLIN revents=0
  [1] fd=8 events=POLLIN revents=0
  [2] fd=9 events=POLLIN revents=0
  [3] fd=10 events=POLLIN revents=0

-- upd_listeners (0) --

-- upd_clients (1) --
  [0] fd=8 events=POLLIN revents=POLLIN

[2025-08-17_20-49-54][TECH] ListenerManager Update
[2025-08-17_20-49-54][TECH] ClientManager Update
[2025-08-17_20-49-54][TECH] CommandManager Update
[2025-08-17_20-49-54][TECH] CommandData { prefix="", cmd="MODE", args=["#channel", "+o", "user2"], client=user1, hash=1297040453 }
[2025-08-17_20-49-54][TECH] Client Manager OnUpdateFinish
[2025-08-17_20-49-54][TECH] Update
[2025-08-17_20-49-54][TECH] PollFDManager Update
[2025-08-17_20-49-54][INFO] === Class State ===
Listeners count: 1

-- fds (4) --
  [0] fd=3 events=POLLIN revents=0
  [1] fd=8 events=POLLIN|POLLOUT revents=0
  [2] fd=9 events=POLLIN|POLLOUT revents=0
  [3] fd=10 events=POLLIN revents=0

-- upd_listeners (0) --

-- upd_clients (2) --
  [0] fd=8 events=POLLIN|POLLOUT revents=POLLOUT
  [1] fd=9 events=POLLIN|POLLOUT revents=POLLOUT

[2025-08-17_20-49-54][TECH] ListenerManager Update
[2025-08-17_20-49-54][TECH] ClientManager Update
[2025-08-17_20-49-54][TECH] CommandManager Update
[2025-08-17_20-49-54][TECH] Client Manager OnUpdateFinish
[2025-08-17_20-49-54][TECH] Update
[2025-08-17_20-49-54][TECH] PollFDManager Update
[2025-08-17_20-50-02][INFO] === Class State ===
Listeners count: 1

-- fds (4) --
  [0] fd=3 events=POLLIN revents=0
  [1] fd=8 events=POLLIN revents=0
  [2] fd=9 events=POLLIN revents=0
  [3] fd=10 events=POLLIN revents=0

-- upd_listeners (0) --

-- upd_clients (1) --
  [0] fd=9 events=POLLIN revents=POLLIN

[2025-08-17_20-50-02][TECH] ListenerManager Update
[2025-08-17_20-50-02][TECH] ClientManager Update
[2025-08-17_20-50-02][TECH] CommandManager Update
[2025-08-17_20-50-02][TECH] CommandData { prefix="", cmd="MODE", args=["#channel", "-l"], client=user2, hash=1297040453 }
[2025-08-17_20-50-02][TECH] Client Manager OnUpdateFinish
[2025-08-17_20-50-02][TECH] Update
[2025-08-17_20-50-02][TECH] PollFDManager Update
[2025-08-17_20-50-02][INFO] === Class State ===
Listeners count: 1

-- fds (4) --
  [0] fd=3 events=POLLIN revents=0
  [1] fd=8 events=POLLIN|POLLOUT revents=0
  [2] fd=9 events=POLLIN|POLLOUT revents=0
  [3] fd=10 events=POLLIN revents=0

-- upd_listeners (0) --

-- upd_clients (2) --
  [0] fd=8 events=POLLIN|POLLOUT revents=POLLOUT
  [1] fd=9 events=POLLIN|POLLOUT revents=POLLOUT

[2025-08-17_20-50-02][TECH] ListenerManager Update
[2025-08-17_20-50-02][TECH] ClientManager Update
[2025-08-17_20-50-02][TECH] CommandManager Update
[2025-08-17_20-50-02][TECH] Client Manager OnUpdateFinish
[2025-08-17_20-50-02][TECH] Update
[2025-08-17_20-50-02][TECH] PollFDManager Update
[2025-08-17_20-50-14][INFO] === Class State ===
Listeners count: 1

-- fds (4) --
  [0] fd=3 events=POLLIN revents=0
  [1] fd=8 events=POLLIN revents=0
  [2] fd=9 events=POLLIN revents=0
  [3] fd=10 events=POLLIN revents=0

-- upd_listeners (0) --

-- upd_clients (1) --
  [0] fd=10 events=POLLIN revents=POLLIN

[2025-08-17_20-50-14][TECH] ListenerManager Update
[2025-08-17_20-50-14][TECH] ClientManager Update
[2025-08-17_20-50-14][TECH] CommandManager Update
[2025-08-17_20-50-14][TECH] CommandData { prefix="", cmd="PING", args=["ircserv"], client=user3, hash=1346981447 }
[2025-08-17_20-50-14][TECH] Client Manager OnUpdateFinish
[2025-08-17_20-50-14][TECH] Update
[2025-08-17_20-50-14][TECH] PollFDManager Update
[2025-08-17_20-50-14][INFO] === Class State ===
Listeners count: 1

-- fds (4) --
  [0] fd=3 events=POLLIN revents=0
  [1] fd=8 events=POLLIN revents=0
  [2] fd=9 events=POLLIN revents=0
  [3] fd=10 events=POLLIN|POLLOUT revents=0

-- upd_listeners (0) --

-- upd_clients (1) --
  [0] fd=10 events=POLLIN|POLLOUT revents=POLLOUT

[2025-08-17_20-50-14][TECH] ListenerManager Update
[2025-08-17_20-50-14][TECH] ClientManager Update
[2025-08-17_20-50-14][TECH] CommandManager Update
[2025-08-17_20-50-14][TECH] Client Manager OnUpdateFinish
[2025-08-17_20-50-14][TECH] Update
[2025-08-17_20-50-14][TECH] PollFDManager Update
[2025-08-17_20-50-26][INFO] === Class State ===
Listeners count: 1

-- fds (4) --
  [0] fd=3 events=POLLIN revents=0
  [1] fd=8 events=POLLIN revents=0
  [2] fd=9 events=POLLIN revents=0
  [3] fd=10 events=POLLIN revents=0

-- upd_listeners (0) --

-- upd_clients (1) --
  [0] fd=10 events=POLLIN revents=POLLIN

[2025-08-17_20-50-26][TECH] ListenerManager Update
[2025-08-17_20-50-26][TECH] ClientManager Update
[2025-08-17_20-50-26][TECH] CommandManager Update
[2025-08-17_20-50-26][TECH] CommandData { prefix="", cmd="JOIN", args=["#channel"], client=user3, hash=1246710094 }
[2025-08-17_20-50-26][TECH] Client Manager OnUpdateFinish
[2025-08-17_20-50-26][TECH] Update
[2025-08-17_20-50-26][TECH] PollFDManager Update
[2025-08-17_20-50-26][INFO] === Class State ===
Listeners count: 1

-- fds (4) --
  [0] fd=3 events=POLLIN revents=0
  [1] fd=8 events=POLLIN revents=0
  [2] fd=9 events=POLLIN revents=0
  [3] fd=10 events=POLLIN|POLLOUT revents=0

-- upd_listeners (0) --

-- upd_clients (1) --
  [0] fd=10 events=POLLIN|POLLOUT revents=POLLOUT

[2025-08-17_20-50-26][TECH] ListenerManager Update
[2025-08-17_20-50-26][TECH] ClientManager Update
[2025-08-17_20-50-26][TECH] CommandManager Update
[2025-08-17_20-50-26][TECH] Client Manager OnUpdateFinish
[2025-08-17_20-50-26][TECH] Update
[2025-08-17_20-50-26][TECH] PollFDManager Update
[2025-08-17_20-50-31][INFO] === Class State ===
Listeners count: 1

-- fds (4) --
  [0] fd=3 events=POLLIN revents=0
  [1] fd=8 events=POLLIN revents=0
  [2] fd=9 events=POLLIN revents=0
  [3] fd=10 events=POLLIN revents=0

-- upd_listeners (0) --

-- upd_clients (1) --
  [0] fd=10 events=POLLIN revents=POLLIN

[2025-08-17_20-50-31][TECH] ListenerManager Update
[2025-08-17_20-50-31][TECH] ClientManager Update
[2025-08-17_20-50-31][TECH] CommandManager Update
[2025-08-17_20-50-31][TECH] CommandData { prefix="", cmd="JOIN", args=["#channel", "keypass"], client=user3, hash=1246710094 }
[2025-08-17_20-50-31][TECH] Client Manager OnUpdateFinish
[2025-08-17_20-50-31][TECH] Update
[2025-08-17_20-50-31][TECH] PollFDManager Update
[2025-08-17_20-50-31][INFO] === Class State ===
Listeners count: 1

-- fds (4) --
  [0] fd=3 events=POLLIN revents=0
  [1] fd=8 events=POLLIN revents=0
  [2] fd=9 events=POLLIN revents=0
  [3] fd=10 events=POLLIN|POLLOUT revents=0

-- upd_listeners (0) --

-- upd_clients (1) --
  [0] fd=10 events=POLLIN|POLLOUT revents=POLLOUT

[2025-08-17_20-50-31][TECH] ListenerManager Update
[2025-08-17_20-50-31][TECH] ClientManager Update
[2025-08-17_20-50-31][TECH] CommandManager Update
[2025-08-17_20-50-31][TECH] Client Manager OnUpdateFinish
[2025-08-17_20-50-31][TECH] Update
[2025-08-17_20-50-31][TECH] PollFDManager Update
[2025-08-17_20-50-41][INFO] === Class State ===
Listeners count: 1

-- fds (4) --
  [0] fd=3 events=POLLIN revents=0
  [1] fd=8 events=POLLIN revents=0
  [2] fd=9 events=POLLIN revents=0
  [3] fd=10 events=POLLIN revents=0

-- upd_listeners (0) --

-- upd_clients (1) --
  [0] fd=8 events=POLLIN revents=POLLIN

[2025-08-17_20-50-41][TECH] ListenerManager Update
[2025-08-17_20-50-41][TECH] ClientManager Update
[2025-08-17_20-50-41][TECH] CommandManager Update
[2025-08-17_20-50-41][TECH] CommandData { prefix="", cmd="INVITE", args=["user3", "#channel"], client=user1, hash=1229870665 }
[2025-08-17_20-50-41][TECH] Client Manager OnUpdateFinish
[2025-08-17_20-50-41][TECH] Update
[2025-08-17_20-50-41][TECH] PollFDManager Update
[2025-08-17_20-50-41][INFO] === Class State ===
Listeners count: 1

-- fds (4) --
  [0] fd=3 events=POLLIN revents=0
  [1] fd=8 events=POLLIN|POLLOUT revents=0
  [2] fd=9 events=POLLIN revents=0
  [3] fd=10 events=POLLIN|POLLOUT revents=0

-- upd_listeners (0) --

-- upd_clients (2) --
  [0] fd=8 events=POLLIN|POLLOUT revents=POLLOUT
  [1] fd=10 events=POLLIN|POLLOUT revents=POLLOUT

[2025-08-17_20-50-41][TECH] ListenerManager Update
[2025-08-17_20-50-41][TECH] ClientManager Update
[2025-08-17_20-50-41][TECH] CommandManager Update
[2025-08-17_20-50-41][TECH] Client Manager OnUpdateFinish
[2025-08-17_20-50-41][TECH] Update
[2025-08-17_20-50-41][TECH] PollFDManager Update
[2025-08-17_20-50-47][INFO] === Class State ===
Listeners count: 1

-- fds (4) --
  [0] fd=3 events=POLLIN revents=0
  [1] fd=8 events=POLLIN revents=0
  [2] fd=9 events=POLLIN revents=0
  [3] fd=10 events=POLLIN revents=0

-- upd_listeners (0) --

-- upd_clients (1) --
  [0] fd=8 events=POLLIN revents=POLLIN

[2025-08-17_20-50-47][TECH] ListenerManager Update
[2025-08-17_20-50-47][TECH] ClientManager Update
[2025-08-17_20-50-47][TECH] CommandManager Update
[2025-08-17_20-50-47][TECH] CommandData { prefix="", cmd="PING", args=["ircserv"], client=user1, hash=1346981447 }
[2025-08-17_20-50-47][TECH] Client Manager OnUpdateFinish
[2025-08-17_20-50-47][TECH] Update
[2025-08-17_20-50-47][TECH] PollFDManager Update
[2025-08-17_20-50-47][INFO] === Class State ===
Listeners count: 1

-- fds (4) --
  [0] fd=3 events=POLLIN revents=0
  [1] fd=8 events=POLLIN|POLLOUT revents=0
  [2] fd=9 events=POLLIN revents=0
  [3] fd=10 events=POLLIN revents=0

-- upd_listeners (0) --

-- upd_clients (1) --
  [0] fd=8 events=POLLIN|POLLOUT revents=POLLOUT

[2025-08-17_20-50-47][TECH] ListenerManager Update
[2025-08-17_20-50-47][TECH] ClientManager Update
[2025-08-17_20-50-47][TECH] CommandManager Update
[2025-08-17_20-50-47][TECH] Client Manager OnUpdateFinish
[2025-08-17_20-50-47][TECH] Update
[2025-08-17_20-50-47][TECH] PollFDManager Update
[2025-08-17_20-50-52][INFO] === Class State ===
Listeners count: 1

-- fds (4) --
  [0] fd=3 events=POLLIN revents=0
  [1] fd=8 events=POLLIN revents=0
  [2] fd=9 events=POLLIN revents=0
  [3] fd=10 events=POLLIN revents=0

-- upd_listeners (0) --

-- upd_clients (1) --
  [0] fd=9 events=POLLIN revents=POLLIN

[2025-08-17_20-50-52][TECH] ListenerManager Update
[2025-08-17_20-50-52][TECH] ClientManager Update
[2025-08-17_20-50-52][TECH] CommandManager Update
[2025-08-17_20-50-52][TECH] CommandData { prefix="", cmd="PING", args=["ircserv"], client=user2, hash=1346981447 }
[2025-08-17_20-50-52][TECH] Client Manager OnUpdateFinish
[2025-08-17_20-50-52][TECH] Update
[2025-08-17_20-50-52][TECH] PollFDManager Update
[2025-08-17_20-50-52][INFO] === Class State ===
Listeners count: 1

-- fds (4) --
  [0] fd=3 events=POLLIN revents=0
  [1] fd=8 events=POLLIN revents=0
  [2] fd=9 events=POLLIN|POLLOUT revents=0
  [3] fd=10 events=POLLIN revents=0

-- upd_listeners (0) --

-- upd_clients (1) --
  [0] fd=9 events=POLLIN|POLLOUT revents=POLLOUT

[2025-08-17_20-50-52][TECH] ListenerManager Update
[2025-08-17_20-50-52][TECH] ClientManager Update
[2025-08-17_20-50-52][TECH] CommandManager Update
[2025-08-17_20-50-52][TECH] Client Manager OnUpdateFinish
[2025-08-17_20-50-52][TECH] Update
[2025-08-17_20-50-52][TECH] PollFDManager Update
[2025-08-17_20-50-53][INFO] === Class State ===
Listeners count: 1

-- fds (4) --
  [0] fd=3 events=POLLIN revents=0
  [1] fd=8 events=POLLIN revents=0
  [2] fd=9 events=POLLIN revents=0
  [3] fd=10 events=POLLIN revents=0

-- upd_listeners (0) --

-- upd_clients (1) --
  [0] fd=10 events=POLLIN revents=POLLIN

[2025-08-17_20-50-53][TECH] ListenerManager Update
[2025-08-17_20-50-53][TECH] ClientManager Update
[2025-08-17_20-50-53][TECH] CommandManager Update
[2025-08-17_20-50-53][TECH] CommandData { prefix="", cmd="JOIN", args=["#channel"], client=user3, hash=1246710094 }
[2025-08-17_20-50-53][TECH] Client Manager OnUpdateFinish
[2025-08-17_20-50-53][TECH] Update
[2025-08-17_20-50-53][TECH] PollFDManager Update
[2025-08-17_20-50-53][INFO] === Class State ===
Listeners count: 1

-- fds (4) --
  [0] fd=3 events=POLLIN revents=0
  [1] fd=8 events=POLLIN revents=0
  [2] fd=9 events=POLLIN revents=0
  [3] fd=10 events=POLLIN|POLLOUT revents=0

-- upd_listeners (0) --

-- upd_clients (1) --
  [0] fd=10 events=POLLIN|POLLOUT revents=POLLOUT

[2025-08-17_20-50-53][TECH] ListenerManager Update
[2025-08-17_20-50-53][TECH] ClientManager Update
[2025-08-17_20-50-53][TECH] CommandManager Update
[2025-08-17_20-50-53][TECH] Client Manager OnUpdateFinish
[2025-08-17_20-50-53][TECH] Update
[2025-08-17_20-50-53][TECH] PollFDManager Update
[2025-08-17_20-50-57][INFO] === Class State ===
Listeners count: 1

-- fds (4) --
  [0] fd=3 events=POLLIN revents=0
  [1] fd=8 events=POLLIN revents=0
  [2] fd=9 events=POLLIN revents=0
  [3] fd=10 events=POLLIN revents=0

-- upd_listeners (0) --

-- upd_clients (1) --
  [0] fd=10 events=POLLIN revents=POLLIN

[2025-08-17_20-50-57][TECH] ListenerManager Update
[2025-08-17_20-50-57][TECH] ClientManager Update
[2025-08-17_20-50-57][TECH] CommandManager Update
[2025-08-17_20-50-57][TECH] CommandData { prefix="", cmd="JOIN", args=["#channel", "keypass"], client=user3, hash=1246710094 }
[2025-08-17_20-50-57][TECH] === Channel ===
Name: #channel
Key: keypass
Topic: 
isFull: false
isInviteOnly: true
hasKey: true
isTopicProtected: false
maxClients: 50
Invited clients (1): user3
Banned clients (0): 
Clients in channel (3): user1, user2, user3
Operators (2): user1, user2

[2025-08-17_20-50-57][TECH] Client Manager OnUpdateFinish
[2025-08-17_20-50-57][TECH] Update
[2025-08-17_20-50-57][TECH] PollFDManager Update
[2025-08-17_20-50-57][INFO] === Class State ===
Listeners count: 1

-- fds (4) --
  [0] fd=3 events=POLLIN revents=0
  [1] fd=8 events=POLLIN|POLLOUT revents=0
  [2] fd=9 events=POLLIN|POLLOUT revents=0
  [3] fd=10 events=POLLIN|POLLOUT revents=0

-- upd_listeners (0) --

-- upd_clients (3) --
  [0] fd=8 events=POLLIN|POLLOUT revents=POLLOUT
  [1] fd=9 events=POLLIN|POLLOUT revents=POLLOUT
  [2] fd=10 events=POLLIN|POLLOUT revents=POLLOUT

[2025-08-17_20-50-57][TECH] ListenerManager Update
[2025-08-17_20-50-57][TECH] ClientManager Update
[2025-08-17_20-50-57][TECH] CommandManager Update
[2025-08-17_20-50-57][TECH] Client Manager OnUpdateFinish
[2025-08-17_20-50-57][TECH] Update
[2025-08-17_20-50-57][TECH] PollFDManager Update
[2025-08-17_20-51-00][INFO] === Class State ===
Listeners count: 1

-- fds (4) --
  [0] fd=3 events=POLLIN revents=0
  [1] fd=8 events=POLLIN revents=0
  [2] fd=9 events=POLLIN revents=0
  [3] fd=10 events=POLLIN revents=0

-- upd_listeners (0) --

-- upd_clients (1) --
  [0] fd=10 events=POLLIN revents=POLLIN

[2025-08-17_20-51-00][TECH] ListenerManager Update
[2025-08-17_20-51-00][TECH] ClientManager Update
[2025-08-17_20-51-00][TECH] CommandManager Update
[2025-08-17_20-51-00][TECH] CommandData { prefix="", cmd="PRIVMSG", args=["#channel", "sup"], client=user3, hash=1347570006 }
[2025-08-17_20-51-00][TECH] Client Manager OnUpdateFinish
[2025-08-17_20-51-00][TECH] Update
[2025-08-17_20-51-00][TECH] PollFDManager Update
[2025-08-17_20-51-00][INFO] === Class State ===
Listeners count: 1

-- fds (4) --
  [0] fd=3 events=POLLIN revents=0
  [1] fd=8 events=POLLIN|POLLOUT revents=0
  [2] fd=9 events=POLLIN|POLLOUT revents=0
  [3] fd=10 events=POLLIN revents=0

-- upd_listeners (0) --

-- upd_clients (2) --
  [0] fd=8 events=POLLIN|POLLOUT revents=POLLOUT
  [1] fd=9 events=POLLIN|POLLOUT revents=POLLOUT

[2025-08-17_20-51-00][TECH] ListenerManager Update
[2025-08-17_20-51-00][TECH] ClientManager Update
[2025-08-17_20-51-00][TECH] CommandManager Update
[2025-08-17_20-51-00][TECH] Client Manager OnUpdateFinish
[2025-08-17_20-51-00][TECH] Update
[2025-08-17_20-51-00][TECH] PollFDManager Update
[2025-08-17_20-51-04][INFO] === Class State ===
Listeners count: 1

-- fds (4) --
  [0] fd=3 events=POLLIN revents=0
  [1] fd=8 events=POLLIN revents=0
  [2] fd=9 events=POLLIN revents=0
  [3] fd=10 events=POLLIN revents=0

-- upd_listeners (0) --

-- upd_clients (1) --
  [0] fd=9 events=POLLIN revents=POLLIN

[2025-08-17_20-51-04][TECH] ListenerManager Update
[2025-08-17_20-51-04][TECH] ClientManager Update
[2025-08-17_20-51-04][TECH] CommandManager Update
[2025-08-17_20-51-04][TECH] CommandData { prefix="", cmd="PRIVMSG", args=["#channel", "yo mec"], client=user2, hash=1347570006 }
[2025-08-17_20-51-04][TECH] Client Manager OnUpdateFinish
[2025-08-17_20-51-04][TECH] Update
[2025-08-17_20-51-04][TECH] PollFDManager Update
[2025-08-17_20-51-04][INFO] === Class State ===
Listeners count: 1

-- fds (4) --
  [0] fd=3 events=POLLIN revents=0
  [1] fd=8 events=POLLIN|POLLOUT revents=0
  [2] fd=9 events=POLLIN revents=0
  [3] fd=10 events=POLLIN|POLLOUT revents=0

-- upd_listeners (0) --

-- upd_clients (2) --
  [0] fd=8 events=POLLIN|POLLOUT revents=POLLOUT
  [1] fd=10 events=POLLIN|POLLOUT revents=POLLOUT

[2025-08-17_20-51-04][TECH] ListenerManager Update
[2025-08-17_20-51-04][TECH] ClientManager Update
[2025-08-17_20-51-04][TECH] CommandManager Update
[2025-08-17_20-51-04][TECH] Client Manager OnUpdateFinish
[2025-08-17_20-51-04][TECH] Update
[2025-08-17_20-51-04][TECH] PollFDManager Update
[2025-08-17_20-51-15][INFO] === Class State ===
Listeners count: 1

-- fds (4) --
  [0] fd=3 events=POLLIN revents=0
  [1] fd=8 events=POLLIN revents=0
  [2] fd=9 events=POLLIN revents=0
  [3] fd=10 events=POLLIN revents=0

-- upd_listeners (0) --

-- upd_clients (1) --
  [0] fd=10 events=POLLIN revents=POLLIN

[2025-08-17_20-51-15][TECH] ListenerManager Update
[2025-08-17_20-51-15][TECH] ClientManager Update
[2025-08-17_20-51-15][TECH] CommandManager Update
[2025-08-17_20-51-15][TECH] CommandData { prefix="", cmd="PING", args=["ircserv"], client=user3, hash=1346981447 }
[2025-08-17_20-51-15][TECH] Client Manager OnUpdateFinish
[2025-08-17_20-51-15][TECH] Update
[2025-08-17_20-51-15][TECH] PollFDManager Update
[2025-08-17_20-51-15][INFO] === Class State ===
Listeners count: 1

-- fds (4) --
  [0] fd=3 events=POLLIN revents=0
  [1] fd=8 events=POLLIN revents=0
  [2] fd=9 events=POLLIN revents=0
  [3] fd=10 events=POLLIN|POLLOUT revents=0

-- upd_listeners (0) --

-- upd_clients (1) --
  [0] fd=10 events=POLLIN|POLLOUT revents=POLLOUT

[2025-08-17_20-51-15][TECH] ListenerManager Update
[2025-08-17_20-51-15][TECH] ClientManager Update
[2025-08-17_20-51-15][TECH] CommandManager Update
[2025-08-17_20-51-15][TECH] Client Manager OnUpdateFinish
[2025-08-17_20-51-15][TECH] Update
[2025-08-17_20-51-15][TECH] PollFDManager Update
[2025-08-17_20-51-29][INFO] === Class State ===
Listeners count: 1

-- fds (4) --
  [0] fd=3 events=POLLIN revents=0
  [1] fd=8 events=POLLIN revents=0
  [2] fd=9 events=POLLIN revents=0
  [3] fd=10 events=POLLIN revents=0

-- upd_listeners (0) --

-- upd_clients (1) --
  [0] fd=8 events=POLLIN revents=POLLIN

[2025-08-17_20-51-29][TECH] ListenerManager Update
[2025-08-17_20-51-29][TECH] ClientManager Update
[2025-08-17_20-51-29][TECH] CommandManager Update
[2025-08-17_20-51-29][TECH] CommandData { prefix="", cmd="PRIVMSG", args=["#channel", "oh shit"], client=user1, hash=1347570006 }
[2025-08-17_20-51-29][TECH] Client Manager OnUpdateFinish
[2025-08-17_20-51-29][TECH] Update
[2025-08-17_20-51-29][TECH] PollFDManager Update
[2025-08-17_20-51-29][INFO] === Class State ===
Listeners count: 1

-- fds (4) --
  [0] fd=3 events=POLLIN revents=0
  [1] fd=8 events=POLLIN revents=0
  [2] fd=9 events=POLLIN|POLLOUT revents=0
  [3] fd=10 events=POLLIN|POLLOUT revents=0

-- upd_listeners (0) --

-- upd_clients (2) --
  [0] fd=9 events=POLLIN|POLLOUT revents=POLLOUT
  [1] fd=10 events=POLLIN|POLLOUT revents=POLLOUT

[2025-08-17_20-51-29][TECH] ListenerManager Update
[2025-08-17_20-51-29][TECH] ClientManager Update
[2025-08-17_20-51-29][TECH] CommandManager Update
[2025-08-17_20-51-29][TECH] Client Manager OnUpdateFinish
[2025-08-17_20-51-29][TECH] Update
[2025-08-17_20-51-29][TECH] PollFDManager Update
[2025-08-17_20-51-48][INFO] === Class State ===
Listeners count: 1

-- fds (4) --
  [0] fd=3 events=POLLIN revents=0
  [1] fd=8 events=POLLIN revents=0
  [2] fd=9 events=POLLIN revents=0
  [3] fd=10 events=POLLIN revents=0

-- upd_listeners (0) --

-- upd_clients (1) --
  [0] fd=8 events=POLLIN revents=POLLIN

[2025-08-17_20-51-48][TECH] ListenerManager Update
[2025-08-17_20-51-48][TECH] ClientManager Update
[2025-08-17_20-51-48][TECH] CommandManager Update
[2025-08-17_20-51-48][TECH] CommandData { prefix="", cmd="PING", args=["ircserv"], client=user1, hash=1346981447 }
[2025-08-17_20-51-48][TECH] Client Manager OnUpdateFinish
[2025-08-17_20-51-48][TECH] Update
[2025-08-17_20-51-48][TECH] PollFDManager Update
[2025-08-17_20-51-48][INFO] === Class State ===
Listeners count: 1

-- fds (4) --
  [0] fd=3 events=POLLIN revents=0
  [1] fd=8 events=POLLIN|POLLOUT revents=0
  [2] fd=9 events=POLLIN revents=0
  [3] fd=10 events=POLLIN revents=0

-- upd_listeners (0) --

-- upd_clients (1) --
  [0] fd=8 events=POLLIN|POLLOUT revents=POLLOUT

[2025-08-17_20-51-48][TECH] ListenerManager Update
[2025-08-17_20-51-48][TECH] ClientManager Update
[2025-08-17_20-51-48][TECH] CommandManager Update
[2025-08-17_20-51-48][TECH] Client Manager OnUpdateFinish
[2025-08-17_20-51-48][TECH] Update
[2025-08-17_20-51-48][TECH] PollFDManager Update
[2025-08-17_20-51-53][INFO] === Class State ===
Listeners count: 1

-- fds (4) --
  [0] fd=3 events=POLLIN revents=0
  [1] fd=8 events=POLLIN revents=0
  [2] fd=9 events=POLLIN revents=0
  [3] fd=10 events=POLLIN revents=0

-- upd_listeners (0) --

-- upd_clients (1) --
  [0] fd=9 events=POLLIN revents=POLLIN

[2025-08-17_20-51-53][TECH] ListenerManager Update
[2025-08-17_20-51-53][TECH] ClientManager Update
[2025-08-17_20-51-53][TECH] CommandManager Update
[2025-08-17_20-51-53][TECH] CommandData { prefix="", cmd="PING", args=["ircserv"], client=user2, hash=1346981447 }
[2025-08-17_20-51-53][TECH] Client Manager OnUpdateFinish
[2025-08-17_20-51-53][TECH] Update
[2025-08-17_20-51-53][TECH] PollFDManager Update
[2025-08-17_20-51-53][INFO] === Class State ===
Listeners count: 1

-- fds (4) --
  [0] fd=3 events=POLLIN revents=0
  [1] fd=8 events=POLLIN revents=0
  [2] fd=9 events=POLLIN|POLLOUT revents=0
  [3] fd=10 events=POLLIN revents=0

-- upd_listeners (0) --

-- upd_clients (1) --
  [0] fd=9 events=POLLIN|POLLOUT revents=POLLOUT

[2025-08-17_20-51-53][TECH] ListenerManager Update
[2025-08-17_20-51-53][TECH] ClientManager Update
[2025-08-17_20-51-53][TECH] CommandManager Update
[2025-08-17_20-51-53][TECH] Client Manager OnUpdateFinish
[2025-08-17_20-51-53][TECH] Update
[2025-08-17_20-51-53][TECH] PollFDManager Update
[2025-08-17_20-51-59][INFO] === Class State ===
Listeners count: 1

-- fds (4) --
  [0] fd=3 events=POLLIN revents=0
  [1] fd=8 events=POLLIN revents=0
  [2] fd=9 events=POLLIN revents=0
  [3] fd=10 events=POLLIN revents=0

-- upd_listeners (0) --

-- upd_clients (1) --
  [0] fd=8 events=POLLIN revents=POLLIN

[2025-08-17_20-51-59][TECH] ListenerManager Update
[2025-08-17_20-51-59][TECH] ClientManager Update
[2025-08-17_20-51-59][TECH] CommandManager Update
[2025-08-17_20-51-59][TECH] CommandData { prefix="", cmd="PRIVMSG", args=["#channel", "oh je sais que t'es op a cause de la comamnde faite je crois"], client=user1, hash=1347570006 }
[2025-08-17_20-51-59][TECH] Client Manager OnUpdateFinish
[2025-08-17_20-51-59][TECH] Update
[2025-08-17_20-51-59][TECH] PollFDManager Update
[2025-08-17_20-51-59][INFO] === Class State ===
Listeners count: 1

-- fds (4) --
  [0] fd=3 events=POLLIN revents=0
  [1] fd=8 events=POLLIN revents=0
  [2] fd=9 events=POLLIN|POLLOUT revents=0
  [3] fd=10 events=POLLIN|POLLOUT revents=0

-- upd_listeners (0) --

-- upd_clients (2) --
  [0] fd=9 events=POLLIN|POLLOUT revents=POLLOUT
  [1] fd=10 events=POLLIN|POLLOUT revents=POLLOUT

[2025-08-17_20-51-59][TECH] ListenerManager Update
[2025-08-17_20-51-59][TECH] ClientManager Update
[2025-08-17_20-51-59][TECH] CommandManager Update
[2025-08-17_20-51-59][TECH] Client Manager OnUpdateFinish
[2025-08-17_20-51-59][TECH] Update
[2025-08-17_20-51-59][TECH] PollFDManager Update
[2025-08-17_20-52-16][INFO] === Class State ===
Listeners count: 1

-- fds (4) --
  [0] fd=3 events=POLLIN revents=0
  [1] fd=8 events=POLLIN revents=0
  [2] fd=9 events=POLLIN revents=0
  [3] fd=10 events=POLLIN revents=0

-- upd_listeners (0) --

-- upd_clients (1) --
  [0] fd=10 events=POLLIN revents=POLLIN

[2025-08-17_20-52-16][TECH] ListenerManager Update
[2025-08-17_20-52-16][TECH] ClientManager Update
[2025-08-17_20-52-16][TECH] CommandManager Update
[2025-08-17_20-52-16][TECH] CommandData { prefix="", cmd="PING", args=["ircserv"], client=user3, hash=1346981447 }
[2025-08-17_20-52-16][TECH] Client Manager OnUpdateFinish
[2025-08-17_20-52-16][TECH] Update
[2025-08-17_20-52-16][TECH] PollFDManager Update
[2025-08-17_20-52-16][INFO] === Class State ===
Listeners count: 1

-- fds (4) --
  [0] fd=3 events=POLLIN revents=0
  [1] fd=8 events=POLLIN revents=0
  [2] fd=9 events=POLLIN revents=0
  [3] fd=10 events=POLLIN|POLLOUT revents=0

-- upd_listeners (0) --

-- upd_clients (1) --
  [0] fd=10 events=POLLIN|POLLOUT revents=POLLOUT

[2025-08-17_20-52-16][TECH] ListenerManager Update
[2025-08-17_20-52-16][TECH] ClientManager Update
[2025-08-17_20-52-16][TECH] CommandManager Update
[2025-08-17_20-52-16][TECH] Client Manager OnUpdateFinish
[2025-08-17_20-52-16][TECH] Update
[2025-08-17_20-52-16][TECH] PollFDManager Update
[2025-08-17_20-52-38][INFO] === Class State ===
Listeners count: 1

-- fds (4) --
  [0] fd=3 events=POLLIN revents=0
  [1] fd=8 events=POLLIN revents=0
  [2] fd=9 events=POLLIN revents=0
  [3] fd=10 events=POLLIN revents=0

-- upd_listeners (0) --

-- upd_clients (1) --
  [0] fd=8 events=POLLIN revents=POLLIN

[2025-08-17_20-52-38][TECH] ListenerManager Update
[2025-08-17_20-52-38][TECH] ClientManager Update
[2025-08-17_20-52-38][TECH] CommandManager Update
[2025-08-17_20-52-38][TECH] CommandData { prefix="", cmd="MODE", args=["#channel", "+t"], client=user1, hash=1297040453 }
[2025-08-17_20-52-38][TECH] Client Manager OnUpdateFinish
[2025-08-17_20-52-38][TECH] Update
[2025-08-17_20-52-38][TECH] PollFDManager Update
[2025-08-17_20-52-38][INFO] === Class State ===
Listeners count: 1

-- fds (4) --
  [0] fd=3 events=POLLIN revents=0
  [1] fd=8 events=POLLIN|POLLOUT revents=0
  [2] fd=9 events=POLLIN|POLLOUT revents=0
  [3] fd=10 events=POLLIN|POLLOUT revents=0

-- upd_listeners (0) --

-- upd_clients (3) --
  [0] fd=8 events=POLLIN|POLLOUT revents=POLLOUT
  [1] fd=9 events=POLLIN|POLLOUT revents=POLLOUT
  [2] fd=10 events=POLLIN|POLLOUT revents=POLLOUT

[2025-08-17_20-52-38][TECH] ListenerManager Update
[2025-08-17_20-52-38][TECH] ClientManager Update
[2025-08-17_20-52-38][TECH] CommandManager Update
[2025-08-17_20-52-38][TECH] Client Manager OnUpdateFinish
[2025-08-17_20-52-38][TECH] Update
[2025-08-17_20-52-38][TECH] PollFDManager Update
[2025-08-17_20-52-49][INFO] === Class State ===
Listeners count: 1

-- fds (4) --
  [0] fd=3 events=POLLIN revents=0
  [1] fd=8 events=POLLIN revents=0
  [2] fd=9 events=POLLIN revents=0
  [3] fd=10 events=POLLIN revents=0

-- upd_listeners (0) --

-- upd_clients (1) --
  [0] fd=8 events=POLLIN revents=POLLIN

[2025-08-17_20-52-49][TECH] ListenerManager Update
[2025-08-17_20-52-49][TECH] ClientManager Update
[2025-08-17_20-52-49][TECH] CommandManager Update
[2025-08-17_20-52-49][TECH] CommandData { prefix="", cmd="PING", args=["ircserv"], client=user1, hash=1346981447 }
[2025-08-17_20-52-49][TECH] Client Manager OnUpdateFinish
[2025-08-17_20-52-49][TECH] Update
[2025-08-17_20-52-49][TECH] PollFDManager Update
[2025-08-17_20-52-49][INFO] === Class State ===
Listeners count: 1

-- fds (4) --
  [0] fd=3 events=POLLIN revents=0
  [1] fd=8 events=POLLIN|POLLOUT revents=0
  [2] fd=9 events=POLLIN revents=0
  [3] fd=10 events=POLLIN revents=0

-- upd_listeners (0) --

-- upd_clients (1) --
  [0] fd=8 events=POLLIN|POLLOUT revents=POLLOUT

[2025-08-17_20-52-49][TECH] ListenerManager Update
[2025-08-17_20-52-49][TECH] ClientManager Update
[2025-08-17_20-52-49][TECH] CommandManager Update
[2025-08-17_20-52-49][TECH] Client Manager OnUpdateFinish
[2025-08-17_20-52-49][TECH] Update
[2025-08-17_20-52-49][TECH] PollFDManager Update
[2025-08-17_20-52-54][INFO] === Class State ===
Listeners count: 1

-- fds (4) --
  [0] fd=3 events=POLLIN revents=0
  [1] fd=8 events=POLLIN revents=0
  [2] fd=9 events=POLLIN revents=0
  [3] fd=10 events=POLLIN revents=0

-- upd_listeners (0) --

-- upd_clients (1) --
  [0] fd=9 events=POLLIN revents=POLLIN

[2025-08-17_20-52-54][TECH] ListenerManager Update
[2025-08-17_20-52-54][TECH] ClientManager Update
[2025-08-17_20-52-54][TECH] CommandManager Update
[2025-08-17_20-52-54][TECH] CommandData { prefix="", cmd="PING", args=["ircserv"], client=user2, hash=1346981447 }
[2025-08-17_20-52-54][TECH] Client Manager OnUpdateFinish
[2025-08-17_20-52-54][TECH] Update
[2025-08-17_20-52-54][TECH] PollFDManager Update
[2025-08-17_20-52-54][INFO] === Class State ===
Listeners count: 1

-- fds (4) --
  [0] fd=3 events=POLLIN revents=0
  [1] fd=8 events=POLLIN revents=0
  [2] fd=9 events=POLLIN|POLLOUT revents=0
  [3] fd=10 events=POLLIN revents=0

-- upd_listeners (0) --

-- upd_clients (1) --
  [0] fd=9 events=POLLIN|POLLOUT revents=POLLOUT

[2025-08-17_20-52-54][TECH] ListenerManager Update
[2025-08-17_20-52-54][TECH] ClientManager Update
[2025-08-17_20-52-54][TECH] CommandManager Update
[2025-08-17_20-52-54][TECH] Client Manager OnUpdateFinish
[2025-08-17_20-52-54][TECH] Update
[2025-08-17_20-52-54][TECH] PollFDManager Update
[2025-08-17_20-52-57][INFO] === Class State ===
Listeners count: 1

-- fds (4) --
  [0] fd=3 events=POLLIN revents=0
  [1] fd=8 events=POLLIN revents=0
  [2] fd=9 events=POLLIN revents=0
  [3] fd=10 events=POLLIN revents=0

-- upd_listeners (0) --

-- upd_clients (1) --
  [0] fd=10 events=POLLIN revents=POLLIN

[2025-08-17_20-52-57][TECH] ListenerManager Update
[2025-08-17_20-52-57][TECH] ClientManager Update
[2025-08-17_20-52-57][TECH] CommandManager Update
[2025-08-17_20-52-57][TECH] CommandData { prefix="", cmd="TOPIC", args=["#channel", "coucou c'est david"], client=user3, hash=1414484041 }
[2025-08-17_20-52-57][TECH] Client Manager OnUpdateFinish
[2025-08-17_20-52-57][TECH] Update
[2025-08-17_20-52-57][TECH] PollFDManager Update
[2025-08-17_20-52-57][INFO] === Class State ===
Listeners count: 1

-- fds (4) --
  [0] fd=3 events=POLLIN revents=0
  [1] fd=8 events=POLLIN revents=0
  [2] fd=9 events=POLLIN revents=0
  [3] fd=10 events=POLLIN|POLLOUT revents=0

-- upd_listeners (0) --

-- upd_clients (1) --
  [0] fd=10 events=POLLIN|POLLOUT revents=POLLOUT

[2025-08-17_20-52-57][TECH] ListenerManager Update
[2025-08-17_20-52-57][TECH] ClientManager Update
[2025-08-17_20-52-57][TECH] CommandManager Update
[2025-08-17_20-52-57][TECH] Client Manager OnUpdateFinish
[2025-08-17_20-52-57][TECH] Update
[2025-08-17_20-52-57][TECH] PollFDManager Update
[2025-08-17_20-53-17][INFO] === Class State ===
Listeners count: 1

-- fds (4) --
  [0] fd=3 events=POLLIN revents=0
  [1] fd=8 events=POLLIN revents=0
  [2] fd=9 events=POLLIN revents=0
  [3] fd=10 events=POLLIN revents=0

-- upd_listeners (0) --

-- upd_clients (1) --
  [0] fd=10 events=POLLIN revents=POLLIN

[2025-08-17_20-53-17][TECH] ListenerManager Update
[2025-08-17_20-53-17][TECH] ClientManager Update
[2025-08-17_20-53-17][TECH] CommandManager Update
[2025-08-17_20-53-17][TECH] CommandData { prefix="", cmd="PING", args=["ircserv"], client=user3, hash=1346981447 }
[2025-08-17_20-53-17][TECH] Client Manager OnUpdateFinish
[2025-08-17_20-53-17][TECH] Update
[2025-08-17_20-53-17][TECH] PollFDManager Update
[2025-08-17_20-53-17][INFO] === Class State ===
Listeners count: 1

-- fds (4) --
  [0] fd=3 events=POLLIN revents=0
  [1] fd=8 events=POLLIN revents=0
  [2] fd=9 events=POLLIN revents=0
  [3] fd=10 events=POLLIN|POLLOUT revents=0

-- upd_listeners (0) --

-- upd_clients (1) --
  [0] fd=10 events=POLLIN|POLLOUT revents=POLLOUT

[2025-08-17_20-53-17][TECH] ListenerManager Update
[2025-08-17_20-53-17][TECH] ClientManager Update
[2025-08-17_20-53-17][TECH] CommandManager Update
[2025-08-17_20-53-17][TECH] Client Manager OnUpdateFinish
[2025-08-17_20-53-17][TECH] Update
[2025-08-17_20-53-17][TECH] PollFDManager Update
[2025-08-17_20-53-49][INFO] === Class State ===
Listeners count: 1

-- fds (4) --
  [0] fd=3 events=POLLIN revents=0
  [1] fd=8 events=POLLIN revents=0
  [2] fd=9 events=POLLIN revents=0
  [3] fd=10 events=POLLIN revents=0

-- upd_listeners (0) --

-- upd_clients (1) --
  [0] fd=8 events=POLLIN revents=POLLIN

[2025-08-17_20-53-49][TECH] ListenerManager Update
[2025-08-17_20-53-49][TECH] ClientManager Update
[2025-08-17_20-53-49][TECH] CommandManager Update
[2025-08-17_20-53-49][TECH] CommandData { prefix="", cmd="TOPIC", args=["#channel", "le topic du jour"], client=user1, hash=1414484041 }
[2025-08-17_20-53-49][WARNING] user1 changed the topic of #channel to le topic du jourCommandData { prefix="", cmd="TOPIC", args=["#channel", "le topic du jour"], client=user1, hash=1414484041 }
[2025-08-17_20-53-49][TECH] Client Manager OnUpdateFinish
[2025-08-17_20-53-49][TECH] Update
[2025-08-17_20-53-49][TECH] PollFDManager Update
[2025-08-17_20-53-49][INFO] === Class State ===
Listeners count: 1

-- fds (4) --
  [0] fd=3 events=POLLIN revents=0
  [1] fd=8 events=POLLIN|POLLOUT revents=0
  [2] fd=9 events=POLLIN|POLLOUT revents=0
  [3] fd=10 events=POLLIN|POLLOUT revents=0

-- upd_listeners (0) --

-- upd_clients (3) --
  [0] fd=8 events=POLLIN|POLLOUT revents=POLLOUT
  [1] fd=9 events=POLLIN|POLLOUT revents=POLLOUT
  [2] fd=10 events=POLLIN|POLLOUT revents=POLLOUT

[2025-08-17_20-53-49][TECH] ListenerManager Update
[2025-08-17_20-53-49][TECH] ClientManager Update
[2025-08-17_20-53-49][TECH] CommandManager Update
[2025-08-17_20-53-49][TECH] Client Manager OnUpdateFinish
[2025-08-17_20-53-49][TECH] Update
[2025-08-17_20-53-49][TECH] PollFDManager Update
[2025-08-17_20-53-52][INFO] === Class State ===
Listeners count: 1

-- fds (4) --
  [0] fd=3 events=POLLIN revents=0
  [1] fd=8 events=POLLIN revents=0
  [2] fd=9 events=POLLIN revents=0
  [3] fd=10 events=POLLIN revents=0

-- upd_listeners (0) --

-- upd_clients (1) --
  [0] fd=8 events=POLLIN revents=POLLIN

[2025-08-17_20-53-52][TECH] ListenerManager Update
[2025-08-17_20-53-52][TECH] ClientManager Update
[2025-08-17_20-53-52][TECH] CommandManager Update
[2025-08-17_20-53-52][TECH] CommandData { prefix="", cmd="PING", args=["ircserv"], client=user1, hash=1346981447 }
[2025-08-17_20-53-52][TECH] Client Manager OnUpdateFinish
[2025-08-17_20-53-52][TECH] Update
[2025-08-17_20-53-52][TECH] PollFDManager Update
[2025-08-17_20-53-52][INFO] === Class State ===
Listeners count: 1

-- fds (4) --
  [0] fd=3 events=POLLIN revents=0
  [1] fd=8 events=POLLIN|POLLOUT revents=0
  [2] fd=9 events=POLLIN revents=0
  [3] fd=10 events=POLLIN revents=0

-- upd_listeners (0) --

-- upd_clients (1) --
  [0] fd=8 events=POLLIN|POLLOUT revents=POLLOUT

[2025-08-17_20-53-52][TECH] ListenerManager Update
[2025-08-17_20-53-52][TECH] ClientManager Update
[2025-08-17_20-53-52][TECH] CommandManager Update
[2025-08-17_20-53-52][TECH] Client Manager OnUpdateFinish
[2025-08-17_20-53-52][TECH] Update
[2025-08-17_20-53-52][TECH] PollFDManager Update
[2025-08-17_20-53-55][INFO] === Class State ===
Listeners count: 1

-- fds (4) --
  [0] fd=3 events=POLLIN revents=0
  [1] fd=8 events=POLLIN revents=0
  [2] fd=9 events=POLLIN revents=0
  [3] fd=10 events=POLLIN revents=0

-- upd_listeners (0) --

-- upd_clients (1) --
  [0] fd=9 events=POLLIN revents=POLLIN

[2025-08-17_20-53-55][TECH] ListenerManager Update
[2025-08-17_20-53-55][TECH] ClientManager Update
[2025-08-17_20-53-55][TECH] CommandManager Update
[2025-08-17_20-53-55][TECH] CommandData { prefix="", cmd="PRIVMSG", args=["#channel", "le topic"], client=user2, hash=1347570006 }
[2025-08-17_20-53-55][TECH] Client Manager OnUpdateFinish
[2025-08-17_20-53-55][TECH] Update
[2025-08-17_20-53-55][TECH] PollFDManager Update
[2025-08-17_20-53-55][INFO] === Class State ===
Listeners count: 1

-- fds (4) --
  [0] fd=3 events=POLLIN revents=0
  [1] fd=8 events=POLLIN|POLLOUT revents=0
  [2] fd=9 events=POLLIN revents=0
  [3] fd=10 events=POLLIN|POLLOUT revents=0

-- upd_listeners (0) --

-- upd_clients (2) --
  [0] fd=8 events=POLLIN|POLLOUT revents=POLLOUT
  [1] fd=10 events=POLLIN|POLLOUT revents=POLLOUT

[2025-08-17_20-53-55][TECH] ListenerManager Update
[2025-08-17_20-53-55][TECH] ClientManager Update
[2025-08-17_20-53-55][TECH] CommandManager Update
[2025-08-17_20-53-55][TECH] Client Manager OnUpdateFinish
[2025-08-17_20-53-55][TECH] Update
[2025-08-17_20-53-55][TECH] PollFDManager Update
[2025-08-17_20-53-58][INFO] === Class State ===
Listeners count: 1

-- fds (4) --
  [0] fd=3 events=POLLIN revents=0
  [1] fd=8 events=POLLIN revents=0
  [2] fd=9 events=POLLIN revents=0
  [3] fd=10 events=POLLIN revents=0

-- upd_listeners (0) --

-- upd_clients (1) --
  [0] fd=9 events=POLLIN revents=POLLIN

[2025-08-17_20-53-58][TECH] ListenerManager Update
[2025-08-17_20-53-58][TECH] ClientManager Update
[2025-08-17_20-53-58][TECH] CommandManager Update
[2025-08-17_20-53-58][TECH] CommandData { prefix="", cmd="PING", args=["ircserv"], client=user2, hash=1346981447 }
[2025-08-17_20-53-58][TECH] Client Manager OnUpdateFinish
[2025-08-17_20-53-58][TECH] Update
[2025-08-17_20-53-58][TECH] PollFDManager Update
[2025-08-17_20-53-58][INFO] === Class State ===
Listeners count: 1

-- fds (4) --
  [0] fd=3 events=POLLIN revents=0
  [1] fd=8 events=POLLIN revents=0
  [2] fd=9 events=POLLIN|POLLOUT revents=0
  [3] fd=10 events=POLLIN revents=0

-- upd_listeners (0) --

-- upd_clients (1) --
  [0] fd=9 events=POLLIN|POLLOUT revents=POLLOUT

[2025-08-17_20-53-58][TECH] ListenerManager Update
[2025-08-17_20-53-58][TECH] ClientManager Update
[2025-08-17_20-53-58][TECH] CommandManager Update
[2025-08-17_20-53-58][TECH] Client Manager OnUpdateFinish
[2025-08-17_20-53-58][TECH] Update
[2025-08-17_20-53-58][TECH] PollFDManager Update
[2025-08-17_20-54-18][INFO] === Class State ===
Listeners count: 1

-- fds (4) --
  [0] fd=3 events=POLLIN revents=0
  [1] fd=8 events=POLLIN revents=0
  [2] fd=9 events=POLLIN revents=0
  [3] fd=10 events=POLLIN revents=0

-- upd_listeners (0) --

-- upd_clients (1) --
  [0] fd=10 events=POLLIN revents=POLLIN

[2025-08-17_20-54-18][TECH] ListenerManager Update
[2025-08-17_20-54-18][TECH] ClientManager Update
[2025-08-17_20-54-18][TECH] CommandManager Update
[2025-08-17_20-54-18][TECH] CommandData { prefix="", cmd="PING", args=["ircserv"], client=user3, hash=1346981447 }
[2025-08-17_20-54-18][TECH] Client Manager OnUpdateFinish
[2025-08-17_20-54-18][TECH] Update
[2025-08-17_20-54-18][TECH] PollFDManager Update
[2025-08-17_20-54-18][INFO] === Class State ===
Listeners count: 1

-- fds (4) --
  [0] fd=3 events=POLLIN revents=0
  [1] fd=8 events=POLLIN revents=0
  [2] fd=9 events=POLLIN revents=0
  [3] fd=10 events=POLLIN|POLLOUT revents=0

-- upd_listeners (0) --

-- upd_clients (1) --
  [0] fd=10 events=POLLIN|POLLOUT revents=POLLOUT

[2025-08-17_20-54-18][TECH] ListenerManager Update
[2025-08-17_20-54-18][TECH] ClientManager Update
[2025-08-17_20-54-18][TECH] CommandManager Update
[2025-08-17_20-54-18][TECH] Client Manager OnUpdateFinish
[2025-08-17_20-54-18][TECH] Update
[2025-08-17_20-54-18][TECH] PollFDManager Update
[2025-08-17_20-54-46][INFO] === Class State ===
Listeners count: 1

-- fds (4) --
  [0] fd=3 events=POLLIN revents=0
  [1] fd=8 events=POLLIN revents=0
  [2] fd=9 events=POLLIN revents=0
  [3] fd=10 events=POLLIN revents=0

-- upd_listeners (0) --

-- upd_clients (1) --
  [0] fd=9 events=POLLIN revents=POLLIN

[2025-08-17_20-54-46][TECH] ListenerManager Update
[2025-08-17_20-54-46][TECH] ClientManager Update
[2025-08-17_20-54-46][TECH] CommandManager Update
[2025-08-17_20-54-46][TECH] CommandData { prefix="", cmd="QUIT", args=["leaving"], client=user2, hash=1364543828 }
[2025-08-17_20-54-46][INFO] quit status set to QUITTING
[2025-08-17_20-54-46][TECH] Client Manager OnUpdateFinish
[2025-08-17_20-54-46][TECH] Update
[2025-08-17_20-54-46][TECH] PollFDManager Update
[2025-08-17_20-54-46][INFO] === Class State ===
Listeners count: 1

-- fds (4) --
  [0] fd=3 events=POLLIN revents=0
  [1] fd=8 events=POLLIN|POLLOUT revents=0
  [2] fd=9 events=POLLIN|POLLOUT revents=0
  [3] fd=10 events=POLLIN|POLLOUT revents=0

-- upd_listeners (0) --

-- upd_clients (3) --
  [0] fd=8 events=POLLIN|POLLOUT revents=POLLOUT
  [1] fd=9 events=POLLIN|POLLOUT revents=POLLOUT
  [2] fd=10 events=POLLIN|POLLOUT revents=POLLOUT

[2025-08-17_20-54-46][TECH] ListenerManager Update
[2025-08-17_20-54-46][TECH] ClientManager Update
[2025-08-17_20-54-46][INFO] quit status set to QUITTING_DONE
[2025-08-17_20-54-46][TECH] CommandManager Update
[2025-08-17_20-54-46][WARNING] user2 is not in the channel
[2025-08-17_20-54-46][INFO] Client Getting Removed=== Client ===
ClientData:
  fd=9
  nickname=user2
  username=wayden
  servername=
  password=password123
  host=localhost
  prefix=user2!wayden@localhost
  hasbeenwelcomed=false
  isauthenticated=false
  isoperator=false
  authstatus=0
  channels={}
Buffer (incoming): ""
Buffer (to send): ""
Messages received (0):
Messages to send (0):
_quit_status=3 _auth_status=3 _ping_status=0

[2025-08-17_20-54-46][INFO] Client Removed
[2025-08-17_20-54-46][TECH] Client Manager OnUpdateFinish
[2025-08-17_20-54-46][TECH] Update
[2025-08-17_20-54-46][TECH] PollFDManager Update
[2025-08-17_20-54-52][INFO] === Class State ===
Listeners count: 1

-- fds (3) --
  [0] fd=3 events=POLLIN revents=0
  [1] fd=8 events=POLLIN revents=0
  [2] fd=10 events=POLLIN revents=0

-- upd_listeners (0) --

-- upd_clients (1) --
  [0] fd=8 events=POLLIN revents=POLLIN

[2025-08-17_20-54-52][TECH] ListenerManager Update
[2025-08-17_20-54-52][TECH] ClientManager Update
[2025-08-17_20-54-52][TECH] CommandManager Update
[2025-08-17_20-54-52][TECH] CommandData { prefix="", cmd="QUIT", args=["leaving"], client=user1, hash=1364543828 }
[2025-08-17_20-54-52][INFO] quit status set to QUITTING
[2025-08-17_20-54-52][TECH] Client Manager OnUpdateFinish
[2025-08-17_20-54-52][TECH] Update
[2025-08-17_20-54-52][TECH] PollFDManager Update
[2025-08-17_20-54-52][INFO] === Class State ===
Listeners count: 1

-- fds (3) --
  [0] fd=3 events=POLLIN revents=0
  [1] fd=8 events=POLLIN|POLLOUT revents=0
  [2] fd=10 events=POLLIN|POLLOUT revents=0

-- upd_listeners (0) --

-- upd_clients (2) --
  [0] fd=8 events=POLLIN|POLLOUT revents=POLLOUT
  [1] fd=10 events=POLLIN|POLLOUT revents=POLLOUT

[2025-08-17_20-54-52][TECH] ListenerManager Update
[2025-08-17_20-54-52][TECH] ClientManager Update
[2025-08-17_20-54-52][INFO] quit status set to QUITTING_DONE
[2025-08-17_20-54-52][TECH] CommandManager Update
[2025-08-17_20-54-52][WARNING] user1 is not in the channel
[2025-08-17_20-54-52][INFO] Client Getting Removed=== Client ===
ClientData:
  fd=8
  nickname=user1
  username=wayden
  servername=
  password=password123
  host=localhost
  prefix=user1!wayden@localhost
  hasbeenwelcomed=false
  isauthenticated=false
  isoperator=false
  authstatus=0
  channels={}
Buffer (incoming): ""
Buffer (to send): ""
Messages received (0):
Messages to send (0):
_quit_status=3 _auth_status=3 _ping_status=0

[2025-08-17_20-54-52][INFO] Client Removed
[2025-08-17_20-54-52][TECH] Client Manager OnUpdateFinish
[2025-08-17_20-54-52][TECH] Update
[2025-08-17_20-54-52][TECH] PollFDManager Update
[2025-08-17_20-54-55][WARNING] SIGINT received, serveur brutally stopped
[2025-08-17_20-54-55][INFO] === Class State ===
Listeners count: 1

-- fds (2) --
  [0] fd=3 events=POLLIN revents=0
  [1] fd=10 events=POLLIN revents=0

-- upd_listeners (0) --

-- upd_clients (0) --

[2025-08-17_20-54-55][TECH] ListenerManager Update
[2025-08-17_20-54-55][TECH] ClientManager Update
[2025-08-17_20-54-55][TECH] CommandManager Update
[2025-08-17_20-54-55][TECH] Client Manager OnUpdateFinish
