[2025-08-17_20-48-37][TECH] Update
[2025-08-17_20-48-37][TECH] PollFDManager Update
[2025-08-17_20-48-42][TECH] ListenerManager Update
[2025-08-17_20-48-42][TECH] ClientManager Update
[2025-08-17_20-48-42][TECH] CommandManager Update
[2025-08-17_20-48-42][TECH] Client Manager OnUpdateFinish
[2025-08-17_20-48-42][TECH] Update
[2025-08-17_20-48-42][TECH] PollFDManager Update
[2025-08-17_20-48-42][TECH] ListenerManager Update
[2025-08-17_20-48-42][TECH] ClientManager Update
[2025-08-17_20-48-42][TECH] CommandManager Update
[2025-08-17_20-48-42][TECH] CommandData { prefix="", cmd="CAP", args=["LS"], client=, hash=4294967295 }
[2025-08-17_20-48-42][TECH] CommandData { prefix="", cmd="PASS", args=["password123"], client=, hash=1346458451 }
[2025-08-17_20-48-42][TECH] CommandData { prefix="", cmd="NICK", args=["user1"], client=, hash=1313424203 }
[2025-08-17_20-48-42][TECH] CommandData { prefix="", cmd="USER", args=["wayden", "wayden", "localhost", "wayden"], client=user1, hash=1431520594 }
[2025-08-17_20-48-42][TECH] Client Manager OnUpdateFinish
[2025-08-17_20-48-42][TECH] Update
[2025-08-17_20-48-42][TECH] PollFDManager Update
[2025-08-17_20-48-42][TECH] ListenerManager Update
[2025-08-17_20-48-42][TECH] ClientManager Update
[2025-08-17_20-48-42][TECH] CommandManager Update
[2025-08-17_20-48-42][TECH] Client Manager OnUpdateFinish
[2025-08-17_20-48-42][TECH] Update
[2025-08-17_20-48-42][TECH] PollFDManager Update
[2025-08-17_20-48-42][TECH] ListenerManager Update
[2025-08-17_20-48-42][TECH] ClientManager Update
[2025-08-17_20-48-42][TECH] CommandManager Update
[2025-08-17_20-48-42][TECH] CommandData { prefix="", cmd="MODE", args=["user1", "+i"], client=user1, hash=1297040453 }
[2025-08-17_20-48-42][TECH] Client Manager OnUpdateFinish
[2025-08-17_20-48-42][TECH] Update
[2025-08-17_20-48-42][TECH] PollFDManager Update
[2025-08-17_20-48-45][TECH] ListenerManager Update
[2025-08-17_20-48-45][TECH] ClientManager Update
[2025-08-17_20-48-45][TECH] CommandManager Update
[2025-08-17_20-48-45][TECH] CommandData { prefix="", cmd="PING", args=["ircserv"], client=user1, hash=1346981447 }
[2025-08-17_20-48-45][TECH] Client Manager OnUpdateFinish
[2025-08-17_20-48-45][TECH] Update
[2025-08-17_20-48-45][TECH] PollFDManager Update
[2025-08-17_20-48-45][TECH] ListenerManager Update
[2025-08-17_20-48-45][TECH] ClientManager Update
[2025-08-17_20-48-45][TECH] CommandManager Update
[2025-08-17_20-48-45][TECH] Client Manager OnUpdateFinish
[2025-08-17_20-48-45][TECH] Update
[2025-08-17_20-48-45][TECH] PollFDManager Update
[2025-08-17_20-48-47][TECH] ListenerManager Update
[2025-08-17_20-48-47][TECH] ClientManager Update
[2025-08-17_20-48-47][TECH] CommandManager Update
[2025-08-17_20-48-47][TECH] Client Manager OnUpdateFinish
[2025-08-17_20-48-47][TECH] Update
[2025-08-17_20-48-47][TECH] PollFDManager Update
[2025-08-17_20-48-47][TECH] ListenerManager Update
[2025-08-17_20-48-47][TECH] ClientManager Update
[2025-08-17_20-48-47][TECH] CommandManager Update
[2025-08-17_20-48-47][TECH] CommandData { prefix="", cmd="CAP", args=["LS"], client=, hash=4294967295 }
[2025-08-17_20-48-47][TECH] CommandData { prefix="", cmd="PASS", args=["password123"], client=, hash=1346458451 }
[2025-08-17_20-48-47][TECH] CommandData { prefix="", cmd="NICK", args=["user2"], client=, hash=1313424203 }
[2025-08-17_20-48-47][TECH] CommandData { prefix="", cmd="USER", args=["wayden", "wayden", "localhost", "wayden"], client=user2, hash=1431520594 }
[2025-08-17_20-48-47][TECH] Client Manager OnUpdateFinish
[2025-08-17_20-48-47][TECH] Update
[2025-08-17_20-48-47][TECH] PollFDManager Update
[2025-08-17_20-48-47][TECH] ListenerManager Update
[2025-08-17_20-48-47][TECH] ClientManager Update
[2025-08-17_20-48-47][TECH] CommandManager Update
[2025-08-17_20-48-47][TECH] Client Manager OnUpdateFinish
[2025-08-17_20-48-47][TECH] Update
[2025-08-17_20-48-47][TECH] PollFDManager Update
[2025-08-17_20-48-47][TECH] ListenerManager Update
[2025-08-17_20-48-47][TECH] ClientManager Update
[2025-08-17_20-48-47][TECH] CommandManager Update
[2025-08-17_20-48-47][TECH] CommandData { prefix="", cmd="MODE", args=["user2", "+i"], client=user2, hash=1297040453 }
[2025-08-17_20-48-47][TECH] Client Manager OnUpdateFinish
[2025-08-17_20-48-47][TECH] Update
[2025-08-17_20-48-47][TECH] PollFDManager Update
[2025-08-17_20-48-50][TECH] ListenerManager Update
[2025-08-17_20-48-50][TECH] ClientManager Update
[2025-08-17_20-48-50][TECH] CommandManager Update
[2025-08-17_20-48-50][TECH] CommandData { prefix="", cmd="PING", args=["ircserv"], client=user2, hash=1346981447 }
[2025-08-17_20-48-50][TECH] Client Manager OnUpdateFinish
[2025-08-17_20-48-50][TECH] Update
[2025-08-17_20-48-50][TECH] PollFDManager Update
[2025-08-17_20-48-50][TECH] ListenerManager Update
[2025-08-17_20-48-50][TECH] ClientManager Update
[2025-08-17_20-48-50][TECH] CommandManager Update
[2025-08-17_20-48-50][TECH] Client Manager OnUpdateFinish
[2025-08-17_20-48-50][TECH] Update
[2025-08-17_20-48-50][TECH] PollFDManager Update
[2025-08-17_20-48-51][TECH] ListenerManager Update
[2025-08-17_20-48-51][TECH] ClientManager Update
[2025-08-17_20-48-51][TECH] CommandManager Update
[2025-08-17_20-48-51][TECH] CommandData { prefix="", cmd="JOIN", args=["#channel"], client=user1, hash=1246710094 }
[2025-08-17_20-48-51][TECH] === Channel ===
Name: #channel
Key: 
Topic: 
isFull: false
isInviteOnly: false
hasKey: false
isTopicProtected: false
maxClients: 0
Invited clients (0): 
Banned clients (0): 
Clients in channel (1): user1
Operators (0): 

[2025-08-17_20-48-51][TECH] === Channel ===
Name: #channel
Key: 
Topic: 
isFull: false
isInviteOnly: false
hasKey: false
isTopicProtected: false
maxClients: 0
Invited clients (0): 
Banned clients (0): 
Clients in channel (1): user1
Operators (1): user1

[2025-08-17_20-48-51][TECH] Client Manager OnUpdateFinish
[2025-08-17_20-48-51][TECH] Update
[2025-08-17_20-48-51][TECH] PollFDManager Update
[2025-08-17_20-48-51][TECH] ListenerManager Update
[2025-08-17_20-48-51][TECH] ClientManager Update
[2025-08-17_20-48-51][TECH] CommandManager Update
[2025-08-17_20-48-51][TECH] Client Manager OnUpdateFinish
[2025-08-17_20-48-51][TECH] Update
[2025-08-17_20-48-51][TECH] PollFDManager Update
[2025-08-17_20-49-01][TECH] ListenerManager Update
[2025-08-17_20-49-01][TECH] ClientManager Update
[2025-08-17_20-49-01][TECH] CommandManager Update
[2025-08-17_20-49-01][TECH] CommandData { prefix="", cmd="JOIN", args=["#channel"], client=user2, hash=1246710094 }
[2025-08-17_20-49-01][TECH] === Channel ===
Name: #channel
Key: 
Topic: 
isFull: false
isInviteOnly: false
hasKey: false
isTopicProtected: false
maxClients: 0
Invited clients (0): 
Banned clients (0): 
Clients in channel (2): user1, user2
Operators (1): user1

[2025-08-17_20-49-01][TECH] Client Manager OnUpdateFinish
[2025-08-17_20-49-01][TECH] Update
[2025-08-17_20-49-01][TECH] PollFDManager Update
[2025-08-17_20-49-01][TECH] ListenerManager Update
[2025-08-17_20-49-01][TECH] ClientManager Update
[2025-08-17_20-49-01][TECH] CommandManager Update
[2025-08-17_20-49-01][TECH] Client Manager OnUpdateFinish
[2025-08-17_20-49-01][TECH] Update
[2025-08-17_20-49-01][TECH] PollFDManager Update
[2025-08-17_20-49-10][TECH] ListenerManager Update
[2025-08-17_20-49-10][TECH] ClientManager Update
[2025-08-17_20-49-10][TECH] CommandManager Update
[2025-08-17_20-49-10][TECH] Client Manager OnUpdateFinish
[2025-08-17_20-49-10][TECH] Update
[2025-08-17_20-49-10][TECH] PollFDManager Update
[2025-08-17_20-49-10][TECH] ListenerManager Update
[2025-08-17_20-49-10][TECH] ClientManager Update
[2025-08-17_20-49-10][TECH] CommandManager Update
[2025-08-17_20-49-10][TECH] CommandData { prefix="", cmd="CAP", args=["LS"], client=, hash=4294967295 }
[2025-08-17_20-49-10][TECH] CommandData { prefix="", cmd="PASS", args=["password123"], client=, hash=1346458451 }
[2025-08-17_20-49-10][TECH] CommandData { prefix="", cmd="NICK", args=["user3"], client=, hash=1313424203 }
[2025-08-17_20-49-10][TECH] CommandData { prefix="", cmd="USER", args=["wayden", "wayden", "localhost", "wayden"], client=user3, hash=1431520594 }
[2025-08-17_20-49-10][TECH] Client Manager OnUpdateFinish
[2025-08-17_20-49-10][TECH] Update
[2025-08-17_20-49-10][TECH] PollFDManager Update
[2025-08-17_20-49-10][TECH] ListenerManager Update
[2025-08-17_20-49-10][TECH] ClientManager Update
[2025-08-17_20-49-10][TECH] CommandManager Update
[2025-08-17_20-49-10][TECH] Client Manager OnUpdateFinish
[2025-08-17_20-49-10][TECH] Update
[2025-08-17_20-49-10][TECH] PollFDManager Update
[2025-08-17_20-49-10][TECH] ListenerManager Update
[2025-08-17_20-49-10][TECH] ClientManager Update
[2025-08-17_20-49-10][TECH] CommandManager Update
[2025-08-17_20-49-10][TECH] CommandData { prefix="", cmd="MODE", args=["user3", "+i"], client=user3, hash=1297040453 }
[2025-08-17_20-49-10][TECH] Client Manager OnUpdateFinish
[2025-08-17_20-49-10][TECH] Update
[2025-08-17_20-49-10][TECH] PollFDManager Update
[2025-08-17_20-49-13][TECH] ListenerManager Update
[2025-08-17_20-49-13][TECH] ClientManager Update
[2025-08-17_20-49-13][TECH] CommandManager Update
[2025-08-17_20-49-13][TECH] CommandData { prefix="", cmd="PING", args=["ircserv"], client=user3, hash=1346981447 }
[2025-08-17_20-49-13][TECH] Client Manager OnUpdateFinish
[2025-08-17_20-49-13][TECH] Update
[2025-08-17_20-49-13][TECH] PollFDManager Update
[2025-08-17_20-49-13][TECH] ListenerManager Update
[2025-08-17_20-49-13][TECH] ClientManager Update
[2025-08-17_20-49-13][TECH] CommandManager Update
[2025-08-17_20-49-13][TECH] Client Manager OnUpdateFinish
[2025-08-17_20-49-13][TECH] Update
[2025-08-17_20-49-13][TECH] PollFDManager Update
[2025-08-17_20-49-26][TECH] ListenerManager Update
[2025-08-17_20-49-26][TECH] ClientManager Update
[2025-08-17_20-49-26][TECH] CommandManager Update
[2025-08-17_20-49-26][TECH] CommandData { prefix="", cmd="MODE", args=["#channel", "+kli", "keypass", "2"], client=user1, hash=1297040453 }
[2025-08-17_20-49-26][TECH] Client Manager OnUpdateFinish
[2025-08-17_20-49-26][TECH] Update
[2025-08-17_20-49-26][TECH] PollFDManager Update
[2025-08-17_20-49-26][TECH] ListenerManager Update
[2025-08-17_20-49-26][TECH] ClientManager Update
[2025-08-17_20-49-26][TECH] CommandManager Update
[2025-08-17_20-49-26][TECH] Client Manager OnUpdateFinish
[2025-08-17_20-49-26][TECH] Update
[2025-08-17_20-49-26][TECH] PollFDManager Update
[2025-08-17_20-49-40][TECH] ListenerManager Update
[2025-08-17_20-49-40][TECH] ClientManager Update
[2025-08-17_20-49-40][TECH] CommandManager Update
[2025-08-17_20-49-40][TECH] CommandData { prefix="", cmd="MODE", args=["#channel", "-l"], client=user2, hash=1297040453 }
[2025-08-17_20-49-40][TECH] Client Manager OnUpdateFinish
[2025-08-17_20-49-40][TECH] Update
[2025-08-17_20-49-40][TECH] PollFDManager Update
[2025-08-17_20-49-40][TECH] ListenerManager Update
[2025-08-17_20-49-40][TECH] ClientManager Update
[2025-08-17_20-49-40][TECH] CommandManager Update
[2025-08-17_20-49-40][TECH] Client Manager OnUpdateFinish
[2025-08-17_20-49-40][TECH] Update
[2025-08-17_20-49-40][TECH] PollFDManager Update
[2025-08-17_20-49-46][TECH] ListenerManager Update
[2025-08-17_20-49-46][TECH] ClientManager Update
[2025-08-17_20-49-46][TECH] CommandManager Update
[2025-08-17_20-49-46][TECH] CommandData { prefix="", cmd="PING", args=["ircserv"], client=user1, hash=1346981447 }
[2025-08-17_20-49-46][TECH] Client Manager OnUpdateFinish
[2025-08-17_20-49-46][TECH] Update
[2025-08-17_20-49-46][TECH] PollFDManager Update
[2025-08-17_20-49-46][TECH] ListenerManager Update
[2025-08-17_20-49-46][TECH] ClientManager Update
[2025-08-17_20-49-46][TECH] CommandManager Update
[2025-08-17_20-49-46][TECH] Client Manager OnUpdateFinish
[2025-08-17_20-49-46][TECH] Update
[2025-08-17_20-49-46][TECH] PollFDManager Update
[2025-08-17_20-49-51][TECH] ListenerManager Update
[2025-08-17_20-49-51][TECH] ClientManager Update
[2025-08-17_20-49-51][TECH] CommandManager Update
[2025-08-17_20-49-51][TECH] CommandData { prefix="", cmd="PING", args=["ircserv"], client=user2, hash=1346981447 }
[2025-08-17_20-49-51][TECH] Client Manager OnUpdateFinish
[2025-08-17_20-49-51][TECH] Update
[2025-08-17_20-49-51][TECH] PollFDManager Update
[2025-08-17_20-49-51][TECH] ListenerManager Update
[2025-08-17_20-49-51][TECH] ClientManager Update
[2025-08-17_20-49-51][TECH] CommandManager Update
[2025-08-17_20-49-51][TECH] Client Manager OnUpdateFinish
[2025-08-17_20-49-51][TECH] Update
[2025-08-17_20-49-51][TECH] PollFDManager Update
[2025-08-17_20-49-54][TECH] ListenerManager Update
[2025-08-17_20-49-54][TECH] ClientManager Update
[2025-08-17_20-49-54][TECH] CommandManager Update
[2025-08-17_20-49-54][TECH] CommandData { prefix="", cmd="MODE", args=["#channel", "+o", "user2"], client=user1, hash=1297040453 }
[2025-08-17_20-49-54][TECH] Client Manager OnUpdateFinish
[2025-08-17_20-49-54][TECH] Update
[2025-08-17_20-49-54][TECH] PollFDManager Update
[2025-08-17_20-49-54][TECH] ListenerManager Update
[2025-08-17_20-49-54][TECH] ClientManager Update
[2025-08-17_20-49-54][TECH] CommandManager Update
[2025-08-17_20-49-54][TECH] Client Manager OnUpdateFinish
[2025-08-17_20-49-54][TECH] Update
[2025-08-17_20-49-54][TECH] PollFDManager Update
[2025-08-17_20-50-02][TECH] ListenerManager Update
[2025-08-17_20-50-02][TECH] ClientManager Update
[2025-08-17_20-50-02][TECH] CommandManager Update
[2025-08-17_20-50-02][TECH] CommandData { prefix="", cmd="MODE", args=["#channel", "-l"], client=user2, hash=1297040453 }
[2025-08-17_20-50-02][TECH] Client Manager OnUpdateFinish
[2025-08-17_20-50-02][TECH] Update
[2025-08-17_20-50-02][TECH] PollFDManager Update
[2025-08-17_20-50-02][TECH] ListenerManager Update
[2025-08-17_20-50-02][TECH] ClientManager Update
[2025-08-17_20-50-02][TECH] CommandManager Update
[2025-08-17_20-50-02][TECH] Client Manager OnUpdateFinish
[2025-08-17_20-50-02][TECH] Update
[2025-08-17_20-50-02][TECH] PollFDManager Update
[2025-08-17_20-50-14][TECH] ListenerManager Update
[2025-08-17_20-50-14][TECH] ClientManager Update
[2025-08-17_20-50-14][TECH] CommandManager Update
[2025-08-17_20-50-14][TECH] CommandData { prefix="", cmd="PING", args=["ircserv"], client=user3, hash=1346981447 }
[2025-08-17_20-50-14][TECH] Client Manager OnUpdateFinish
[2025-08-17_20-50-14][TECH] Update
[2025-08-17_20-50-14][TECH] PollFDManager Update
[2025-08-17_20-50-14][TECH] ListenerManager Update
[2025-08-17_20-50-14][TECH] ClientManager Update
[2025-08-17_20-50-14][TECH] CommandManager Update
[2025-08-17_20-50-14][TECH] Client Manager OnUpdateFinish
[2025-08-17_20-50-14][TECH] Update
[2025-08-17_20-50-14][TECH] PollFDManager Update
[2025-08-17_20-50-26][TECH] ListenerManager Update
[2025-08-17_20-50-26][TECH] ClientManager Update
[2025-08-17_20-50-26][TECH] CommandManager Update
[2025-08-17_20-50-26][TECH] CommandData { prefix="", cmd="JOIN", args=["#channel"], client=user3, hash=1246710094 }
[2025-08-17_20-50-26][TECH] Client Manager OnUpdateFinish
[2025-08-17_20-50-26][TECH] Update
[2025-08-17_20-50-26][TECH] PollFDManager Update
[2025-08-17_20-50-26][TECH] ListenerManager Update
[2025-08-17_20-50-26][TECH] ClientManager Update
[2025-08-17_20-50-26][TECH] CommandManager Update
[2025-08-17_20-50-26][TECH] Client Manager OnUpdateFinish
[2025-08-17_20-50-26][TECH] Update
[2025-08-17_20-50-26][TECH] PollFDManager Update
[2025-08-17_20-50-31][TECH] ListenerManager Update
[2025-08-17_20-50-31][TECH] ClientManager Update
[2025-08-17_20-50-31][TECH] CommandManager Update
[2025-08-17_20-50-31][TECH] CommandData { prefix="", cmd="JOIN", args=["#channel", "keypass"], client=user3, hash=1246710094 }
[2025-08-17_20-50-31][TECH] Client Manager OnUpdateFinish
[2025-08-17_20-50-31][TECH] Update
[2025-08-17_20-50-31][TECH] PollFDManager Update
[2025-08-17_20-50-31][TECH] ListenerManager Update
[2025-08-17_20-50-31][TECH] ClientManager Update
[2025-08-17_20-50-31][TECH] CommandManager Update
[2025-08-17_20-50-31][TECH] Client Manager OnUpdateFinish
[2025-08-17_20-50-31][TECH] Update
[2025-08-17_20-50-31][TECH] PollFDManager Update
[2025-08-17_20-50-41][TECH] ListenerManager Update
[2025-08-17_20-50-41][TECH] ClientManager Update
[2025-08-17_20-50-41][TECH] CommandManager Update
[2025-08-17_20-50-41][TECH] CommandData { prefix="", cmd="INVITE", args=["user3", "#channel"], client=user1, hash=1229870665 }
[2025-08-17_20-50-41][TECH] Client Manager OnUpdateFinish
[2025-08-17_20-50-41][TECH] Update
[2025-08-17_20-50-41][TECH] PollFDManager Update
[2025-08-17_20-50-41][TECH] ListenerManager Update
[2025-08-17_20-50-41][TECH] ClientManager Update
[2025-08-17_20-50-41][TECH] CommandManager Update
[2025-08-17_20-50-41][TECH] Client Manager OnUpdateFinish
[2025-08-17_20-50-41][TECH] Update
[2025-08-17_20-50-41][TECH] PollFDManager Update
[2025-08-17_20-50-47][TECH] ListenerManager Update
[2025-08-17_20-50-47][TECH] ClientManager Update
[2025-08-17_20-50-47][TECH] CommandManager Update
[2025-08-17_20-50-47][TECH] CommandData { prefix="", cmd="PING", args=["ircserv"], client=user1, hash=1346981447 }
[2025-08-17_20-50-47][TECH] Client Manager OnUpdateFinish
[2025-08-17_20-50-47][TECH] Update
[2025-08-17_20-50-47][TECH] PollFDManager Update
[2025-08-17_20-50-47][TECH] ListenerManager Update
[2025-08-17_20-50-47][TECH] ClientManager Update
[2025-08-17_20-50-47][TECH] CommandManager Update
[2025-08-17_20-50-47][TECH] Client Manager OnUpdateFinish
[2025-08-17_20-50-47][TECH] Update
[2025-08-17_20-50-47][TECH] PollFDManager Update
[2025-08-17_20-50-52][TECH] ListenerManager Update
[2025-08-17_20-50-52][TECH] ClientManager Update
[2025-08-17_20-50-52][TECH] CommandManager Update
[2025-08-17_20-50-52][TECH] CommandData { prefix="", cmd="PING", args=["ircserv"], client=user2, hash=1346981447 }
[2025-08-17_20-50-52][TECH] Client Manager OnUpdateFinish
[2025-08-17_20-50-52][TECH] Update
[2025-08-17_20-50-52][TECH] PollFDManager Update
[2025-08-17_20-50-52][TECH] ListenerManager Update
[2025-08-17_20-50-52][TECH] ClientManager Update
[2025-08-17_20-50-52][TECH] CommandManager Update
[2025-08-17_20-50-52][TECH] Client Manager OnUpdateFinish
[2025-08-17_20-50-52][TECH] Update
[2025-08-17_20-50-52][TECH] PollFDManager Update
[2025-08-17_20-50-53][TECH] ListenerManager Update
[2025-08-17_20-50-53][TECH] ClientManager Update
[2025-08-17_20-50-53][TECH] CommandManager Update
[2025-08-17_20-50-53][TECH] CommandData { prefix="", cmd="JOIN", args=["#channel"], client=user3, hash=1246710094 }
[2025-08-17_20-50-53][TECH] Client Manager OnUpdateFinish
[2025-08-17_20-50-53][TECH] Update
[2025-08-17_20-50-53][TECH] PollFDManager Update
[2025-08-17_20-50-53][TECH] ListenerManager Update
[2025-08-17_20-50-53][TECH] ClientManager Update
[2025-08-17_20-50-53][TECH] CommandManager Update
[2025-08-17_20-50-53][TECH] Client Manager OnUpdateFinish
[2025-08-17_20-50-53][TECH] Update
[2025-08-17_20-50-53][TECH] PollFDManager Update
[2025-08-17_20-50-57][TECH] ListenerManager Update
[2025-08-17_20-50-57][TECH] ClientManager Update
[2025-08-17_20-50-57][TECH] CommandManager Update
[2025-08-17_20-50-57][TECH] CommandData { prefix="", cmd="JOIN", args=["#channel", "keypass"], client=user3, hash=1246710094 }
[2025-08-17_20-50-57][TECH] === Channel ===
Name: #channel
Key: keypass
Topic: 
isFull: false
isInviteOnly: true
hasKey: true
isTopicProtected: false
maxClients: 50
Invited clients (1): user3
Banned clients (0): 
Clients in channel (3): user1, user2, user3
Operators (2): user1, user2

[2025-08-17_20-50-57][TECH] Client Manager OnUpdateFinish
[2025-08-17_20-50-57][TECH] Update
[2025-08-17_20-50-57][TECH] PollFDManager Update
[2025-08-17_20-50-57][TECH] ListenerManager Update
[2025-08-17_20-50-57][TECH] ClientManager Update
[2025-08-17_20-50-57][TECH] CommandManager Update
[2025-08-17_20-50-57][TECH] Client Manager OnUpdateFinish
[2025-08-17_20-50-57][TECH] Update
[2025-08-17_20-50-57][TECH] PollFDManager Update
[2025-08-17_20-51-00][TECH] ListenerManager Update
[2025-08-17_20-51-00][TECH] ClientManager Update
[2025-08-17_20-51-00][TECH] CommandManager Update
[2025-08-17_20-51-00][TECH] CommandData { prefix="", cmd="PRIVMSG", args=["#channel", "sup"], client=user3, hash=1347570006 }
[2025-08-17_20-51-00][TECH] Client Manager OnUpdateFinish
[2025-08-17_20-51-00][TECH] Update
[2025-08-17_20-51-00][TECH] PollFDManager Update
[2025-08-17_20-51-00][TECH] ListenerManager Update
[2025-08-17_20-51-00][TECH] ClientManager Update
[2025-08-17_20-51-00][TECH] CommandManager Update
[2025-08-17_20-51-00][TECH] Client Manager OnUpdateFinish
[2025-08-17_20-51-00][TECH] Update
[2025-08-17_20-51-00][TECH] PollFDManager Update
[2025-08-17_20-51-04][TECH] ListenerManager Update
[2025-08-17_20-51-04][TECH] ClientManager Update
[2025-08-17_20-51-04][TECH] CommandManager Update
[2025-08-17_20-51-04][TECH] CommandData { prefix="", cmd="PRIVMSG", args=["#channel", "yo mec"], client=user2, hash=1347570006 }
[2025-08-17_20-51-04][TECH] Client Manager OnUpdateFinish
[2025-08-17_20-51-04][TECH] Update
[2025-08-17_20-51-04][TECH] PollFDManager Update
[2025-08-17_20-51-04][TECH] ListenerManager Update
[2025-08-17_20-51-04][TECH] ClientManager Update
[2025-08-17_20-51-04][TECH] CommandManager Update
[2025-08-17_20-51-04][TECH] Client Manager OnUpdateFinish
[2025-08-17_20-51-04][TECH] Update
[2025-08-17_20-51-04][TECH] PollFDManager Update
[2025-08-17_20-51-15][TECH] ListenerManager Update
[2025-08-17_20-51-15][TECH] ClientManager Update
[2025-08-17_20-51-15][TECH] CommandManager Update
[2025-08-17_20-51-15][TECH] CommandData { prefix="", cmd="PING", args=["ircserv"], client=user3, hash=1346981447 }
[2025-08-17_20-51-15][TECH] Client Manager OnUpdateFinish
[2025-08-17_20-51-15][TECH] Update
[2025-08-17_20-51-15][TECH] PollFDManager Update
[2025-08-17_20-51-15][TECH] ListenerManager Update
[2025-08-17_20-51-15][TECH] ClientManager Update
[2025-08-17_20-51-15][TECH] CommandManager Update
[2025-08-17_20-51-15][TECH] Client Manager OnUpdateFinish
[2025-08-17_20-51-15][TECH] Update
[2025-08-17_20-51-15][TECH] PollFDManager Update
[2025-08-17_20-51-29][TECH] ListenerManager Update
[2025-08-17_20-51-29][TECH] ClientManager Update
[2025-08-17_20-51-29][TECH] CommandManager Update
[2025-08-17_20-51-29][TECH] CommandData { prefix="", cmd="PRIVMSG", args=["#channel", "oh shit"], client=user1, hash=1347570006 }
[2025-08-17_20-51-29][TECH] Client Manager OnUpdateFinish
[2025-08-17_20-51-29][TECH] Update
[2025-08-17_20-51-29][TECH] PollFDManager Update
[2025-08-17_20-51-29][TECH] ListenerManager Update
[2025-08-17_20-51-29][TECH] ClientManager Update
[2025-08-17_20-51-29][TECH] CommandManager Update
[2025-08-17_20-51-29][TECH] Client Manager OnUpdateFinish
[2025-08-17_20-51-29][TECH] Update
[2025-08-17_20-51-29][TECH] PollFDManager Update
[2025-08-17_20-51-48][TECH] ListenerManager Update
[2025-08-17_20-51-48][TECH] ClientManager Update
[2025-08-17_20-51-48][TECH] CommandManager Update
[2025-08-17_20-51-48][TECH] CommandData { prefix="", cmd="PING", args=["ircserv"], client=user1, hash=1346981447 }
[2025-08-17_20-51-48][TECH] Client Manager OnUpdateFinish
[2025-08-17_20-51-48][TECH] Update
[2025-08-17_20-51-48][TECH] PollFDManager Update
[2025-08-17_20-51-48][TECH] ListenerManager Update
[2025-08-17_20-51-48][TECH] ClientManager Update
[2025-08-17_20-51-48][TECH] CommandManager Update
[2025-08-17_20-51-48][TECH] Client Manager OnUpdateFinish
[2025-08-17_20-51-48][TECH] Update
[2025-08-17_20-51-48][TECH] PollFDManager Update
[2025-08-17_20-51-53][TECH] ListenerManager Update
[2025-08-17_20-51-53][TECH] ClientManager Update
[2025-08-17_20-51-53][TECH] CommandManager Update
[2025-08-17_20-51-53][TECH] CommandData { prefix="", cmd="PING", args=["ircserv"], client=user2, hash=1346981447 }
[2025-08-17_20-51-53][TECH] Client Manager OnUpdateFinish
[2025-08-17_20-51-53][TECH] Update
[2025-08-17_20-51-53][TECH] PollFDManager Update
[2025-08-17_20-51-53][TECH] ListenerManager Update
[2025-08-17_20-51-53][TECH] ClientManager Update
[2025-08-17_20-51-53][TECH] CommandManager Update
[2025-08-17_20-51-53][TECH] Client Manager OnUpdateFinish
[2025-08-17_20-51-53][TECH] Update
[2025-08-17_20-51-53][TECH] PollFDManager Update
[2025-08-17_20-51-59][TECH] ListenerManager Update
[2025-08-17_20-51-59][TECH] ClientManager Update
[2025-08-17_20-51-59][TECH] CommandManager Update
[2025-08-17_20-51-59][TECH] CommandData { prefix="", cmd="PRIVMSG", args=["#channel", "oh je sais que t'es op a cause de la comamnde faite je crois"], client=user1, hash=1347570006 }
[2025-08-17_20-51-59][TECH] Client Manager OnUpdateFinish
[2025-08-17_20-51-59][TECH] Update
[2025-08-17_20-51-59][TECH] PollFDManager Update
[2025-08-17_20-51-59][TECH] ListenerManager Update
[2025-08-17_20-51-59][TECH] ClientManager Update
[2025-08-17_20-51-59][TECH] CommandManager Update
[2025-08-17_20-51-59][TECH] Client Manager OnUpdateFinish
[2025-08-17_20-51-59][TECH] Update
[2025-08-17_20-51-59][TECH] PollFDManager Update
[2025-08-17_20-52-16][TECH] ListenerManager Update
[2025-08-17_20-52-16][TECH] ClientManager Update
[2025-08-17_20-52-16][TECH] CommandManager Update
[2025-08-17_20-52-16][TECH] CommandData { prefix="", cmd="PING", args=["ircserv"], client=user3, hash=1346981447 }
[2025-08-17_20-52-16][TECH] Client Manager OnUpdateFinish
[2025-08-17_20-52-16][TECH] Update
[2025-08-17_20-52-16][TECH] PollFDManager Update
[2025-08-17_20-52-16][TECH] ListenerManager Update
[2025-08-17_20-52-16][TECH] ClientManager Update
[2025-08-17_20-52-16][TECH] CommandManager Update
[2025-08-17_20-52-16][TECH] Client Manager OnUpdateFinish
[2025-08-17_20-52-16][TECH] Update
[2025-08-17_20-52-16][TECH] PollFDManager Update
[2025-08-17_20-52-38][TECH] ListenerManager Update
[2025-08-17_20-52-38][TECH] ClientManager Update
[2025-08-17_20-52-38][TECH] CommandManager Update
[2025-08-17_20-52-38][TECH] CommandData { prefix="", cmd="MODE", args=["#channel", "+t"], client=user1, hash=1297040453 }
[2025-08-17_20-52-38][TECH] Client Manager OnUpdateFinish
[2025-08-17_20-52-38][TECH] Update
[2025-08-17_20-52-38][TECH] PollFDManager Update
[2025-08-17_20-52-38][TECH] ListenerManager Update
[2025-08-17_20-52-38][TECH] ClientManager Update
[2025-08-17_20-52-38][TECH] CommandManager Update
[2025-08-17_20-52-38][TECH] Client Manager OnUpdateFinish
[2025-08-17_20-52-38][TECH] Update
[2025-08-17_20-52-38][TECH] PollFDManager Update
[2025-08-17_20-52-49][TECH] ListenerManager Update
[2025-08-17_20-52-49][TECH] ClientManager Update
[2025-08-17_20-52-49][TECH] CommandManager Update
[2025-08-17_20-52-49][TECH] CommandData { prefix="", cmd="PING", args=["ircserv"], client=user1, hash=1346981447 }
[2025-08-17_20-52-49][TECH] Client Manager OnUpdateFinish
[2025-08-17_20-52-49][TECH] Update
[2025-08-17_20-52-49][TECH] PollFDManager Update
[2025-08-17_20-52-49][TECH] ListenerManager Update
[2025-08-17_20-52-49][TECH] ClientManager Update
[2025-08-17_20-52-49][TECH] CommandManager Update
[2025-08-17_20-52-49][TECH] Client Manager OnUpdateFinish
[2025-08-17_20-52-49][TECH] Update
[2025-08-17_20-52-49][TECH] PollFDManager Update
[2025-08-17_20-52-54][TECH] ListenerManager Update
[2025-08-17_20-52-54][TECH] ClientManager Update
[2025-08-17_20-52-54][TECH] CommandManager Update
[2025-08-17_20-52-54][TECH] CommandData { prefix="", cmd="PING", args=["ircserv"], client=user2, hash=1346981447 }
[2025-08-17_20-52-54][TECH] Client Manager OnUpdateFinish
[2025-08-17_20-52-54][TECH] Update
[2025-08-17_20-52-54][TECH] PollFDManager Update
[2025-08-17_20-52-54][TECH] ListenerManager Update
[2025-08-17_20-52-54][TECH] ClientManager Update
[2025-08-17_20-52-54][TECH] CommandManager Update
[2025-08-17_20-52-54][TECH] Client Manager OnUpdateFinish
[2025-08-17_20-52-54][TECH] Update
[2025-08-17_20-52-54][TECH] PollFDManager Update
[2025-08-17_20-52-57][TECH] ListenerManager Update
[2025-08-17_20-52-57][TECH] ClientManager Update
[2025-08-17_20-52-57][TECH] CommandManager Update
[2025-08-17_20-52-57][TECH] CommandData { prefix="", cmd="TOPIC", args=["#channel", "coucou c'est david"], client=user3, hash=1414484041 }
[2025-08-17_20-52-57][TECH] Client Manager OnUpdateFinish
[2025-08-17_20-52-57][TECH] Update
[2025-08-17_20-52-57][TECH] PollFDManager Update
[2025-08-17_20-52-57][TECH] ListenerManager Update
[2025-08-17_20-52-57][TECH] ClientManager Update
[2025-08-17_20-52-57][TECH] CommandManager Update
[2025-08-17_20-52-57][TECH] Client Manager OnUpdateFinish
[2025-08-17_20-52-57][TECH] Update
[2025-08-17_20-52-57][TECH] PollFDManager Update
[2025-08-17_20-53-17][TECH] ListenerManager Update
[2025-08-17_20-53-17][TECH] ClientManager Update
[2025-08-17_20-53-17][TECH] CommandManager Update
[2025-08-17_20-53-17][TECH] CommandData { prefix="", cmd="PING", args=["ircserv"], client=user3, hash=1346981447 }
[2025-08-17_20-53-17][TECH] Client Manager OnUpdateFinish
[2025-08-17_20-53-17][TECH] Update
[2025-08-17_20-53-17][TECH] PollFDManager Update
[2025-08-17_20-53-17][TECH] ListenerManager Update
[2025-08-17_20-53-17][TECH] ClientManager Update
[2025-08-17_20-53-17][TECH] CommandManager Update
[2025-08-17_20-53-17][TECH] Client Manager OnUpdateFinish
[2025-08-17_20-53-17][TECH] Update
[2025-08-17_20-53-17][TECH] PollFDManager Update
[2025-08-17_20-53-49][TECH] ListenerManager Update
[2025-08-17_20-53-49][TECH] ClientManager Update
[2025-08-17_20-53-49][TECH] CommandManager Update
[2025-08-17_20-53-49][TECH] CommandData { prefix="", cmd="TOPIC", args=["#channel", "le topic du jour"], client=user1, hash=1414484041 }
[2025-08-17_20-53-49][TECH] Client Manager OnUpdateFinish
[2025-08-17_20-53-49][TECH] Update
[2025-08-17_20-53-49][TECH] PollFDManager Update
[2025-08-17_20-53-49][TECH] ListenerManager Update
[2025-08-17_20-53-49][TECH] ClientManager Update
[2025-08-17_20-53-49][TECH] CommandManager Update
[2025-08-17_20-53-49][TECH] Client Manager OnUpdateFinish
[2025-08-17_20-53-49][TECH] Update
[2025-08-17_20-53-49][TECH] PollFDManager Update
[2025-08-17_20-53-52][TECH] ListenerManager Update
[2025-08-17_20-53-52][TECH] ClientManager Update
[2025-08-17_20-53-52][TECH] CommandManager Update
[2025-08-17_20-53-52][TECH] CommandData { prefix="", cmd="PING", args=["ircserv"], client=user1, hash=1346981447 }
[2025-08-17_20-53-52][TECH] Client Manager OnUpdateFinish
[2025-08-17_20-53-52][TECH] Update
[2025-08-17_20-53-52][TECH] PollFDManager Update
[2025-08-17_20-53-52][TECH] ListenerManager Update
[2025-08-17_20-53-52][TECH] ClientManager Update
[2025-08-17_20-53-52][TECH] CommandManager Update
[2025-08-17_20-53-52][TECH] Client Manager OnUpdateFinish
[2025-08-17_20-53-52][TECH] Update
[2025-08-17_20-53-52][TECH] PollFDManager Update
[2025-08-17_20-53-55][TECH] ListenerManager Update
[2025-08-17_20-53-55][TECH] ClientManager Update
[2025-08-17_20-53-55][TECH] CommandManager Update
[2025-08-17_20-53-55][TECH] CommandData { prefix="", cmd="PRIVMSG", args=["#channel", "le topic"], client=user2, hash=1347570006 }
[2025-08-17_20-53-55][TECH] Client Manager OnUpdateFinish
[2025-08-17_20-53-55][TECH] Update
[2025-08-17_20-53-55][TECH] PollFDManager Update
[2025-08-17_20-53-55][TECH] ListenerManager Update
[2025-08-17_20-53-55][TECH] ClientManager Update
[2025-08-17_20-53-55][TECH] CommandManager Update
[2025-08-17_20-53-55][TECH] Client Manager OnUpdateFinish
[2025-08-17_20-53-55][TECH] Update
[2025-08-17_20-53-55][TECH] PollFDManager Update
[2025-08-17_20-53-58][TECH] ListenerManager Update
[2025-08-17_20-53-58][TECH] ClientManager Update
[2025-08-17_20-53-58][TECH] CommandManager Update
[2025-08-17_20-53-58][TECH] CommandData { prefix="", cmd="PING", args=["ircserv"], client=user2, hash=1346981447 }
[2025-08-17_20-53-58][TECH] Client Manager OnUpdateFinish
[2025-08-17_20-53-58][TECH] Update
[2025-08-17_20-53-58][TECH] PollFDManager Update
[2025-08-17_20-53-58][TECH] ListenerManager Update
[2025-08-17_20-53-58][TECH] ClientManager Update
[2025-08-17_20-53-58][TECH] CommandManager Update
[2025-08-17_20-53-58][TECH] Client Manager OnUpdateFinish
[2025-08-17_20-53-58][TECH] Update
[2025-08-17_20-53-58][TECH] PollFDManager Update
[2025-08-17_20-54-18][TECH] ListenerManager Update
[2025-08-17_20-54-18][TECH] ClientManager Update
[2025-08-17_20-54-18][TECH] CommandManager Update
[2025-08-17_20-54-18][TECH] CommandData { prefix="", cmd="PING", args=["ircserv"], client=user3, hash=1346981447 }
[2025-08-17_20-54-18][TECH] Client Manager OnUpdateFinish
[2025-08-17_20-54-18][TECH] Update
[2025-08-17_20-54-18][TECH] PollFDManager Update
[2025-08-17_20-54-18][TECH] ListenerManager Update
[2025-08-17_20-54-18][TECH] ClientManager Update
[2025-08-17_20-54-18][TECH] CommandManager Update
[2025-08-17_20-54-18][TECH] Client Manager OnUpdateFinish
[2025-08-17_20-54-18][TECH] Update
[2025-08-17_20-54-18][TECH] PollFDManager Update
[2025-08-17_20-54-46][TECH] ListenerManager Update
[2025-08-17_20-54-46][TECH] ClientManager Update
[2025-08-17_20-54-46][TECH] CommandManager Update
[2025-08-17_20-54-46][TECH] CommandData { prefix="", cmd="QUIT", args=["leaving"], client=user2, hash=1364543828 }
[2025-08-17_20-54-46][TECH] Client Manager OnUpdateFinish
[2025-08-17_20-54-46][TECH] Update
[2025-08-17_20-54-46][TECH] PollFDManager Update
[2025-08-17_20-54-46][TECH] ListenerManager Update
[2025-08-17_20-54-46][TECH] ClientManager Update
[2025-08-17_20-54-46][TECH] CommandManager Update
[2025-08-17_20-54-46][TECH] Client Manager OnUpdateFinish
[2025-08-17_20-54-46][TECH] Update
[2025-08-17_20-54-46][TECH] PollFDManager Update
[2025-08-17_20-54-52][TECH] ListenerManager Update
[2025-08-17_20-54-52][TECH] ClientManager Update
[2025-08-17_20-54-52][TECH] CommandManager Update
[2025-08-17_20-54-52][TECH] CommandData { prefix="", cmd="QUIT", args=["leaving"], client=user1, hash=1364543828 }
[2025-08-17_20-54-52][TECH] Client Manager OnUpdateFinish
[2025-08-17_20-54-52][TECH] Update
[2025-08-17_20-54-52][TECH] PollFDManager Update
[2025-08-17_20-54-52][TECH] ListenerManager Update
[2025-08-17_20-54-52][TECH] ClientManager Update
[2025-08-17_20-54-52][TECH] CommandManager Update
[2025-08-17_20-54-52][TECH] Client Manager OnUpdateFinish
[2025-08-17_20-54-52][TECH] Update
[2025-08-17_20-54-52][TECH] PollFDManager Update
[2025-08-17_20-54-55][TECH] ListenerManager Update
[2025-08-17_20-54-55][TECH] ClientManager Update
[2025-08-17_20-54-55][TECH] CommandManager Update
[2025-08-17_20-54-55][TECH] Client Manager OnUpdateFinish
