[2025-08-17_21-13-16][TECH] Update
[2025-08-17_21-13-16][TECH] PollFDManager Update
[2025-08-17_21-13-21][TECH] ListenerManager Update
[2025-08-17_21-13-21][TECH] ClientManager Update
[2025-08-17_21-13-21][TECH] CommandManager Update
[2025-08-17_21-13-21][TECH] Client Manager OnUpdateFinish
[2025-08-17_21-13-21][TECH] Update
[2025-08-17_21-13-21][TECH] PollFDManager Update
[2025-08-17_21-13-21][TECH] ListenerManager Update
[2025-08-17_21-13-21][TECH] ClientManager Update
[2025-08-17_21-13-21][TECH] CommandManager Update
[2025-08-17_21-13-21][TECH] CommandData { prefix="", cmd="CAP", args=["LS"], client=, hash=4294967295 }
[2025-08-17_21-13-21][TECH] CommandData { prefix="", cmd="PASS", args=["password123"], client=, hash=1346458451 }
[2025-08-17_21-13-21][TECH] CommandData { prefix="", cmd="NICK", args=["user1"], client=, hash=1313424203 }
[2025-08-17_21-13-21][TECH] CommandData { prefix="", cmd="USER", args=["wayden", "wayden", "localhost", "wayden"], client=user1, hash=1431520594 }
[2025-08-17_21-13-21][TECH] Client Manager OnUpdateFinish
[2025-08-17_21-13-21][TECH] Update
[2025-08-17_21-13-21][TECH] PollFDManager Update
[2025-08-17_21-13-21][TECH] ListenerManager Update
[2025-08-17_21-13-21][TECH] ClientManager Update
[2025-08-17_21-13-21][TECH] CommandManager Update
[2025-08-17_21-13-21][TECH] Client Manager OnUpdateFinish
[2025-08-17_21-13-21][TECH] Update
[2025-08-17_21-13-21][TECH] PollFDManager Update
[2025-08-17_21-13-21][TECH] ListenerManager Update
[2025-08-17_21-13-21][TECH] ClientManager Update
[2025-08-17_21-13-21][TECH] CommandManager Update
[2025-08-17_21-13-21][TECH] CommandData { prefix="", cmd="MODE", args=["user1", "+i"], client=user1, hash=1297040453 }
[2025-08-17_21-13-21][TECH] Client Manager OnUpdateFinish
[2025-08-17_21-13-21][TECH] Update
[2025-08-17_21-13-21][TECH] PollFDManager Update
[2025-08-17_21-13-24][TECH] ListenerManager Update
[2025-08-17_21-13-24][TECH] ClientManager Update
[2025-08-17_21-13-24][TECH] CommandManager Update
[2025-08-17_21-13-24][TECH] CommandData { prefix="", cmd="PING", args=["ircserv"], client=user1, hash=1346981447 }
[2025-08-17_21-13-24][TECH] Client Manager OnUpdateFinish
[2025-08-17_21-13-24][TECH] Update
[2025-08-17_21-13-24][TECH] PollFDManager Update
[2025-08-17_21-13-24][TECH] ListenerManager Update
[2025-08-17_21-13-24][TECH] ClientManager Update
[2025-08-17_21-13-24][TECH] CommandManager Update
[2025-08-17_21-13-24][TECH] Client Manager OnUpdateFinish
[2025-08-17_21-13-24][TECH] Update
[2025-08-17_21-13-24][TECH] PollFDManager Update
[2025-08-17_21-13-24][TECH] ListenerManager Update
[2025-08-17_21-13-24][TECH] ClientManager Update
[2025-08-17_21-13-24][TECH] CommandManager Update
[2025-08-17_21-13-24][TECH] Client Manager OnUpdateFinish
[2025-08-17_21-13-24][TECH] Update
[2025-08-17_21-13-24][TECH] PollFDManager Update
[2025-08-17_21-13-24][TECH] ListenerManager Update
[2025-08-17_21-13-24][TECH] ClientManager Update
[2025-08-17_21-13-24][TECH] CommandManager Update
[2025-08-17_21-13-24][TECH] CommandData { prefix="", cmd="CAP", args=["LS"], client=, hash=4294967295 }
[2025-08-17_21-13-24][TECH] CommandData { prefix="", cmd="PASS", args=["password123"], client=, hash=1346458451 }
[2025-08-17_21-13-24][TECH] CommandData { prefix="", cmd="NICK", args=["user2"], client=, hash=1313424203 }
[2025-08-17_21-13-24][TECH] CommandData { prefix="", cmd="USER", args=["wayden", "wayden", "localhost", "wayden"], client=user2, hash=1431520594 }
[2025-08-17_21-13-24][TECH] Client Manager OnUpdateFinish
[2025-08-17_21-13-24][TECH] Update
[2025-08-17_21-13-24][TECH] PollFDManager Update
[2025-08-17_21-13-24][TECH] ListenerManager Update
[2025-08-17_21-13-24][TECH] ClientManager Update
[2025-08-17_21-13-24][TECH] CommandManager Update
[2025-08-17_21-13-24][TECH] Client Manager OnUpdateFinish
[2025-08-17_21-13-24][TECH] Update
[2025-08-17_21-13-24][TECH] PollFDManager Update
[2025-08-17_21-13-24][TECH] ListenerManager Update
[2025-08-17_21-13-24][TECH] ClientManager Update
[2025-08-17_21-13-24][TECH] CommandManager Update
[2025-08-17_21-13-24][TECH] CommandData { prefix="", cmd="MODE", args=["user2", "+i"], client=user2, hash=1297040453 }
[2025-08-17_21-13-24][TECH] Client Manager OnUpdateFinish
[2025-08-17_21-13-24][TECH] Update
[2025-08-17_21-13-24][TECH] PollFDManager Update
[2025-08-17_21-13-27][TECH] ListenerManager Update
[2025-08-17_21-13-27][TECH] ClientManager Update
[2025-08-17_21-13-27][TECH] CommandManager Update
[2025-08-17_21-13-27][TECH] CommandData { prefix="", cmd="PING", args=["ircserv"], client=user2, hash=1346981447 }
[2025-08-17_21-13-27][TECH] Client Manager OnUpdateFinish
[2025-08-17_21-13-27][TECH] Update
[2025-08-17_21-13-27][TECH] PollFDManager Update
[2025-08-17_21-13-27][TECH] ListenerManager Update
[2025-08-17_21-13-27][TECH] ClientManager Update
[2025-08-17_21-13-27][TECH] CommandManager Update
[2025-08-17_21-13-27][TECH] Client Manager OnUpdateFinish
[2025-08-17_21-13-27][TECH] Update
[2025-08-17_21-13-27][TECH] PollFDManager Update
[2025-08-17_21-13-34][TECH] ListenerManager Update
[2025-08-17_21-13-34][TECH] ClientManager Update
[2025-08-17_21-13-34][TECH] CommandManager Update
[2025-08-17_21-13-34][TECH] Client Manager OnUpdateFinish
[2025-08-17_21-13-34][TECH] Update
[2025-08-17_21-13-34][TECH] PollFDManager Update
[2025-08-17_21-13-34][TECH] ListenerManager Update
[2025-08-17_21-13-34][TECH] ClientManager Update
[2025-08-17_21-13-34][TECH] CommandManager Update
[2025-08-17_21-13-34][TECH] CommandData { prefix="", cmd="CAP", args=["LS"], client=, hash=4294967295 }
[2025-08-17_21-13-34][TECH] CommandData { prefix="", cmd="PASS", args=["password123"], client=, hash=1346458451 }
[2025-08-17_21-13-34][TECH] CommandData { prefix="", cmd="NICK", args=["user3"], client=, hash=1313424203 }
[2025-08-17_21-13-34][TECH] CommandData { prefix="", cmd="USER", args=["wayden", "wayden", "localhost", "wayden"], client=user3, hash=1431520594 }
[2025-08-17_21-13-34][TECH] Client Manager OnUpdateFinish
[2025-08-17_21-13-34][TECH] Update
[2025-08-17_21-13-34][TECH] PollFDManager Update
[2025-08-17_21-13-34][TECH] ListenerManager Update
[2025-08-17_21-13-34][TECH] ClientManager Update
[2025-08-17_21-13-34][TECH] CommandManager Update
[2025-08-17_21-13-34][TECH] Client Manager OnUpdateFinish
[2025-08-17_21-13-34][TECH] Update
[2025-08-17_21-13-34][TECH] PollFDManager Update
[2025-08-17_21-13-34][TECH] ListenerManager Update
[2025-08-17_21-13-34][TECH] ClientManager Update
[2025-08-17_21-13-34][TECH] CommandManager Update
[2025-08-17_21-13-34][TECH] CommandData { prefix="", cmd="MODE", args=["user3", "+i"], client=user3, hash=1297040453 }
[2025-08-17_21-13-34][TECH] Client Manager OnUpdateFinish
[2025-08-17_21-13-34][TECH] Update
[2025-08-17_21-13-34][TECH] PollFDManager Update
[2025-08-17_21-13-37][TECH] ListenerManager Update
[2025-08-17_21-13-37][TECH] ClientManager Update
[2025-08-17_21-13-37][TECH] CommandManager Update
[2025-08-17_21-13-37][TECH] CommandData { prefix="", cmd="PING", args=["ircserv"], client=user3, hash=1346981447 }
[2025-08-17_21-13-37][TECH] Client Manager OnUpdateFinish
[2025-08-17_21-13-37][TECH] Update
[2025-08-17_21-13-37][TECH] PollFDManager Update
[2025-08-17_21-13-37][TECH] ListenerManager Update
[2025-08-17_21-13-37][TECH] ClientManager Update
[2025-08-17_21-13-37][TECH] CommandManager Update
[2025-08-17_21-13-37][TECH] Client Manager OnUpdateFinish
[2025-08-17_21-13-37][TECH] Update
[2025-08-17_21-13-37][TECH] PollFDManager Update
[2025-08-17_21-13-41][TECH] ListenerManager Update
[2025-08-17_21-13-41][TECH] ClientManager Update
[2025-08-17_21-13-41][TECH] CommandManager Update
[2025-08-17_21-13-41][TECH] CommandData { prefix="", cmd="JOIN", args=["#channel"], client=user1, hash=1246710094 }
[2025-08-17_21-13-41][TECH] === Channel ===
Name: #channel
Key: 
Topic: 
isFull: false
isInviteOnly: false
hasKey: false
isTopicProtected: false
maxClients: 0
Invited clients (0): 
Banned clients (0): 
Clients in channel (1): user1
Operators (0): 

[2025-08-17_21-13-41][TECH] === Channel ===
Name: #channel
Key: 
Topic: 
isFull: false
isInviteOnly: false
hasKey: false
isTopicProtected: false
maxClients: 0
Invited clients (0): 
Banned clients (0): 
Clients in channel (1): user1
Operators (1): user1

[2025-08-17_21-13-41][TECH] Client Manager OnUpdateFinish
[2025-08-17_21-13-41][TECH] Update
[2025-08-17_21-13-41][TECH] PollFDManager Update
[2025-08-17_21-13-41][TECH] ListenerManager Update
[2025-08-17_21-13-41][TECH] ClientManager Update
[2025-08-17_21-13-41][TECH] CommandManager Update
[2025-08-17_21-13-41][TECH] Client Manager OnUpdateFinish
[2025-08-17_21-13-41][TECH] Update
[2025-08-17_21-13-41][TECH] PollFDManager Update
[2025-08-17_21-13-47][TECH] ListenerManager Update
[2025-08-17_21-13-47][TECH] ClientManager Update
[2025-08-17_21-13-47][TECH] CommandManager Update
[2025-08-17_21-13-47][TECH] CommandData { prefix="", cmd="JOIN", args=["#channel"], client=user2, hash=1246710094 }
[2025-08-17_21-13-47][TECH] === Channel ===
Name: #channel
Key: 
Topic: 
isFull: false
isInviteOnly: false
hasKey: false
isTopicProtected: false
maxClients: 0
Invited clients (0): 
Banned clients (0): 
Clients in channel (2): user1, user2
Operators (1): user1

[2025-08-17_21-13-47][TECH] Client Manager OnUpdateFinish
[2025-08-17_21-13-47][TECH] Update
[2025-08-17_21-13-47][TECH] PollFDManager Update
[2025-08-17_21-13-47][TECH] ListenerManager Update
[2025-08-17_21-13-47][TECH] ClientManager Update
[2025-08-17_21-13-47][TECH] CommandManager Update
[2025-08-17_21-13-47][TECH] Client Manager OnUpdateFinish
[2025-08-17_21-13-47][TECH] Update
[2025-08-17_21-13-47][TECH] PollFDManager Update
[2025-08-17_21-14-09][TECH] ListenerManager Update
[2025-08-17_21-14-09][TECH] ClientManager Update
[2025-08-17_21-14-09][TECH] CommandManager Update
[2025-08-17_21-14-09][TECH] CommandData { prefix="", cmd="MODE", args=["#channel", "+kli", "keypass", "2"], client=user1, hash=1297040453 }
[2025-08-17_21-14-09][TECH] Client Manager OnUpdateFinish
[2025-08-17_21-14-09][TECH] Update
[2025-08-17_21-14-09][TECH] PollFDManager Update
[2025-08-17_21-14-09][TECH] ListenerManager Update
[2025-08-17_21-14-09][TECH] ClientManager Update
[2025-08-17_21-14-09][TECH] CommandManager Update
[2025-08-17_21-14-09][TECH] Client Manager OnUpdateFinish
[2025-08-17_21-14-09][TECH] Update
[2025-08-17_21-14-09][TECH] PollFDManager Update
[2025-08-17_21-14-17][TECH] ListenerManager Update
[2025-08-17_21-14-17][TECH] ClientManager Update
[2025-08-17_21-14-17][TECH] CommandManager Update
[2025-08-17_21-14-17][TECH] CommandData { prefix="", cmd="INVITE", args=["user2", "#channel"], client=user1, hash=1229870665 }
[2025-08-17_21-14-17][TECH] Client Manager OnUpdateFinish
[2025-08-17_21-14-17][TECH] Update
[2025-08-17_21-14-17][TECH] PollFDManager Update
[2025-08-17_21-14-17][TECH] ListenerManager Update
[2025-08-17_21-14-17][TECH] ClientManager Update
[2025-08-17_21-14-17][TECH] CommandManager Update
[2025-08-17_21-14-17][TECH] Client Manager OnUpdateFinish
[2025-08-17_21-14-17][TECH] Update
[2025-08-17_21-14-17][TECH] PollFDManager Update
[2025-08-17_21-14-25][TECH] ListenerManager Update
[2025-08-17_21-14-25][TECH] ClientManager Update
[2025-08-17_21-14-25][TECH] CommandManager Update
[2025-08-17_21-14-25][TECH] CommandData { prefix="", cmd="PING", args=["ircserv"], client=user1, hash=1346981447 }
[2025-08-17_21-14-25][TECH] Client Manager OnUpdateFinish
[2025-08-17_21-14-25][TECH] Update
[2025-08-17_21-14-25][TECH] PollFDManager Update
[2025-08-17_21-14-25][TECH] ListenerManager Update
[2025-08-17_21-14-25][TECH] ClientManager Update
[2025-08-17_21-14-25][TECH] CommandManager Update
[2025-08-17_21-14-25][TECH] Client Manager OnUpdateFinish
[2025-08-17_21-14-25][TECH] Update
[2025-08-17_21-14-25][TECH] PollFDManager Update
[2025-08-17_21-14-28][TECH] ListenerManager Update
[2025-08-17_21-14-28][TECH] ClientManager Update
[2025-08-17_21-14-28][TECH] CommandManager Update
[2025-08-17_21-14-28][TECH] CommandData { prefix="", cmd="PING", args=["ircserv"], client=user2, hash=1346981447 }
[2025-08-17_21-14-28][TECH] Client Manager OnUpdateFinish
[2025-08-17_21-14-28][TECH] Update
[2025-08-17_21-14-28][TECH] PollFDManager Update
[2025-08-17_21-14-28][TECH] ListenerManager Update
[2025-08-17_21-14-28][TECH] ClientManager Update
[2025-08-17_21-14-28][TECH] CommandManager Update
[2025-08-17_21-14-28][TECH] Client Manager OnUpdateFinish
[2025-08-17_21-14-28][TECH] Update
[2025-08-17_21-14-28][TECH] PollFDManager Update
[2025-08-17_21-14-38][TECH] ListenerManager Update
[2025-08-17_21-14-38][TECH] ClientManager Update
[2025-08-17_21-14-38][TECH] CommandManager Update
[2025-08-17_21-14-38][TECH] CommandData { prefix="", cmd="PING", args=["ircserv"], client=user3, hash=1346981447 }
[2025-08-17_21-14-38][TECH] Client Manager OnUpdateFinish
[2025-08-17_21-14-38][TECH] Update
[2025-08-17_21-14-38][TECH] PollFDManager Update
[2025-08-17_21-14-38][TECH] ListenerManager Update
[2025-08-17_21-14-38][TECH] ClientManager Update
[2025-08-17_21-14-38][TECH] CommandManager Update
[2025-08-17_21-14-38][TECH] Client Manager OnUpdateFinish
[2025-08-17_21-14-38][TECH] Update
[2025-08-17_21-14-38][TECH] PollFDManager Update
[2025-08-17_21-14-54][TECH] ListenerManager Update
[2025-08-17_21-14-54][TECH] ClientManager Update
[2025-08-17_21-14-54][TECH] CommandManager Update
[2025-08-17_21-14-54][TECH] CommandData { prefix="", cmd="INVITE", args=["user3", "#channel"], client=user1, hash=1229870665 }
[2025-08-17_21-14-54][TECH] Client Manager OnUpdateFinish
[2025-08-17_21-14-54][TECH] Update
[2025-08-17_21-14-54][TECH] PollFDManager Update
[2025-08-17_21-14-54][TECH] ListenerManager Update
[2025-08-17_21-14-54][TECH] ClientManager Update
[2025-08-17_21-14-54][TECH] CommandManager Update
[2025-08-17_21-14-54][TECH] Client Manager OnUpdateFinish
[2025-08-17_21-14-54][TECH] Update
[2025-08-17_21-14-54][TECH] PollFDManager Update
[2025-08-17_21-15-04][TECH] ListenerManager Update
[2025-08-17_21-15-04][TECH] ClientManager Update
[2025-08-17_21-15-04][TECH] CommandManager Update
[2025-08-17_21-15-04][TECH] CommandData { prefix="", cmd="JOIN", args=["#channel"], client=user3, hash=1246710094 }
[2025-08-17_21-15-04][TECH] Client Manager OnUpdateFinish
[2025-08-17_21-15-04][TECH] Update
[2025-08-17_21-15-04][TECH] PollFDManager Update
[2025-08-17_21-15-04][TECH] ListenerManager Update
[2025-08-17_21-15-04][TECH] ClientManager Update
[2025-08-17_21-15-04][TECH] CommandManager Update
[2025-08-17_21-15-04][TECH] Client Manager OnUpdateFinish
[2025-08-17_21-15-04][TECH] Update
[2025-08-17_21-15-04][TECH] PollFDManager Update
[2025-08-17_21-15-10][TECH] ListenerManager Update
[2025-08-17_21-15-10][TECH] ClientManager Update
[2025-08-17_21-15-10][TECH] CommandManager Update
[2025-08-17_21-15-10][TECH] CommandData { prefix="", cmd="JOIN", args=["#channel", "keypass"], client=user3, hash=1246710094 }
[2025-08-17_21-15-10][TECH] Client Manager OnUpdateFinish
[2025-08-17_21-15-10][TECH] Update
[2025-08-17_21-15-10][TECH] PollFDManager Update
[2025-08-17_21-15-10][TECH] ListenerManager Update
[2025-08-17_21-15-10][TECH] ClientManager Update
[2025-08-17_21-15-10][TECH] CommandManager Update
[2025-08-17_21-15-10][TECH] Client Manager OnUpdateFinish
[2025-08-17_21-15-10][TECH] Update
[2025-08-17_21-15-10][TECH] PollFDManager Update
[2025-08-17_21-15-20][TECH] ListenerManager Update
[2025-08-17_21-15-20][TECH] ClientManager Update
[2025-08-17_21-15-20][TECH] CommandManager Update
[2025-08-17_21-15-20][TECH] CommandData { prefix="", cmd="MODE", args=["#channel", "-l"], client=user2, hash=1297040453 }
[2025-08-17_21-15-20][TECH] Client Manager OnUpdateFinish
[2025-08-17_21-15-20][TECH] Update
[2025-08-17_21-15-20][TECH] PollFDManager Update
[2025-08-17_21-15-20][TECH] ListenerManager Update
[2025-08-17_21-15-20][TECH] ClientManager Update
[2025-08-17_21-15-20][TECH] CommandManager Update
[2025-08-17_21-15-20][TECH] Client Manager OnUpdateFinish
[2025-08-17_21-15-20][TECH] Update
[2025-08-17_21-15-20][TECH] PollFDManager Update
[2025-08-17_21-15-26][TECH] ListenerManager Update
[2025-08-17_21-15-26][TECH] ClientManager Update
[2025-08-17_21-15-26][TECH] CommandManager Update
[2025-08-17_21-15-26][TECH] CommandData { prefix="", cmd="PING", args=["ircserv"], client=user1, hash=1346981447 }
[2025-08-17_21-15-26][TECH] Client Manager OnUpdateFinish
[2025-08-17_21-15-26][TECH] Update
[2025-08-17_21-15-26][TECH] PollFDManager Update
[2025-08-17_21-15-26][TECH] ListenerManager Update
[2025-08-17_21-15-26][TECH] ClientManager Update
[2025-08-17_21-15-26][TECH] CommandManager Update
[2025-08-17_21-15-26][TECH] Client Manager OnUpdateFinish
[2025-08-17_21-15-26][TECH] Update
[2025-08-17_21-15-26][TECH] PollFDManager Update
[2025-08-17_21-15-29][TECH] ListenerManager Update
[2025-08-17_21-15-29][TECH] ClientManager Update
[2025-08-17_21-15-29][TECH] CommandManager Update
[2025-08-17_21-15-29][TECH] CommandData { prefix="", cmd="PING", args=["ircserv"], client=user2, hash=1346981447 }
[2025-08-17_21-15-29][TECH] Client Manager OnUpdateFinish
[2025-08-17_21-15-29][TECH] Update
[2025-08-17_21-15-29][TECH] PollFDManager Update
[2025-08-17_21-15-29][TECH] ListenerManager Update
[2025-08-17_21-15-29][TECH] ClientManager Update
[2025-08-17_21-15-29][TECH] CommandManager Update
[2025-08-17_21-15-29][TECH] Client Manager OnUpdateFinish
[2025-08-17_21-15-29][TECH] Update
[2025-08-17_21-15-29][TECH] PollFDManager Update
[2025-08-17_21-15-30][TECH] ListenerManager Update
[2025-08-17_21-15-30][TECH] ClientManager Update
[2025-08-17_21-15-30][TECH] CommandManager Update
[2025-08-17_21-15-30][TECH] CommandData { prefix="", cmd="MODE", args=["#channel", "-l"], client=user1, hash=1297040453 }
[2025-08-17_21-15-30][TECH] Client Manager OnUpdateFinish
[2025-08-17_21-15-30][TECH] Update
[2025-08-17_21-15-30][TECH] PollFDManager Update
[2025-08-17_21-15-30][TECH] ListenerManager Update
[2025-08-17_21-15-30][TECH] ClientManager Update
[2025-08-17_21-15-30][TECH] CommandManager Update
[2025-08-17_21-15-30][TECH] Client Manager OnUpdateFinish
[2025-08-17_21-15-30][TECH] Update
[2025-08-17_21-15-30][TECH] PollFDManager Update
[2025-08-17_21-15-39][TECH] ListenerManager Update
[2025-08-17_21-15-39][TECH] ClientManager Update
[2025-08-17_21-15-39][TECH] CommandManager Update
[2025-08-17_21-15-39][TECH] CommandData { prefix="", cmd="JOIN", args=["#channel", "keypass"], client=user3, hash=1246710094 }
[2025-08-17_21-15-39][TECH] === Channel ===
Name: #channel
Key: keypass
Topic: 
isFull: false
isInviteOnly: true
hasKey: true
isTopicProtected: false
maxClients: 50
Invited clients (1): user3
Banned clients (0): 
Clients in channel (3): user1, user2, user3
Operators (1): user1

[2025-08-17_21-15-39][TECH] Client Manager OnUpdateFinish
[2025-08-17_21-15-39][TECH] Update
[2025-08-17_21-15-39][TECH] PollFDManager Update
[2025-08-17_21-15-39][TECH] ListenerManager Update
[2025-08-17_21-15-39][TECH] ClientManager Update
[2025-08-17_21-15-39][TECH] CommandManager Update
[2025-08-17_21-15-39][TECH] Client Manager OnUpdateFinish
[2025-08-17_21-15-39][TECH] Update
[2025-08-17_21-15-39][TECH] PollFDManager Update
[2025-08-17_21-15-41][TECH] ListenerManager Update
[2025-08-17_21-15-41][TECH] ClientManager Update
[2025-08-17_21-15-41][TECH] CommandManager Update
[2025-08-17_21-15-41][TECH] CommandData { prefix="", cmd="PRIVMSG", args=["#channel", "yo"], client=user3, hash=1347570006 }
[2025-08-17_21-15-41][TECH] Client Manager OnUpdateFinish
[2025-08-17_21-15-41][TECH] Update
[2025-08-17_21-15-41][TECH] PollFDManager Update
[2025-08-17_21-15-41][TECH] ListenerManager Update
[2025-08-17_21-15-41][TECH] ClientManager Update
[2025-08-17_21-15-41][TECH] CommandManager Update
[2025-08-17_21-15-41][TECH] Client Manager OnUpdateFinish
[2025-08-17_21-15-41][TECH] Update
[2025-08-17_21-15-41][TECH] PollFDManager Update
[2025-08-17_21-15-44][TECH] ListenerManager Update
[2025-08-17_21-15-44][TECH] ClientManager Update
[2025-08-17_21-15-44][TECH] CommandManager Update
[2025-08-17_21-15-44][TECH] CommandData { prefix="", cmd="PING", args=["ircserv"], client=user3, hash=1346981447 }
[2025-08-17_21-15-44][TECH] Client Manager OnUpdateFinish
[2025-08-17_21-15-44][TECH] Update
[2025-08-17_21-15-44][TECH] PollFDManager Update
[2025-08-17_21-15-44][TECH] ListenerManager Update
[2025-08-17_21-15-44][TECH] ClientManager Update
[2025-08-17_21-15-44][TECH] CommandManager Update
[2025-08-17_21-15-44][TECH] Client Manager OnUpdateFinish
[2025-08-17_21-15-44][TECH] Update
[2025-08-17_21-15-44][TECH] PollFDManager Update
[2025-08-17_21-15-54][TECH] ListenerManager Update
[2025-08-17_21-15-54][TECH] ClientManager Update
[2025-08-17_21-15-54][TECH] CommandManager Update
[2025-08-17_21-15-54][TECH] CommandData { prefix="", cmd="MODE", args=["#channel", "+t"], client=user1, hash=1297040453 }
[2025-08-17_21-15-54][TECH] Client Manager OnUpdateFinish
[2025-08-17_21-15-54][TECH] Update
[2025-08-17_21-15-54][TECH] PollFDManager Update
[2025-08-17_21-15-54][TECH] ListenerManager Update
[2025-08-17_21-15-54][TECH] ClientManager Update
[2025-08-17_21-15-54][TECH] CommandManager Update
[2025-08-17_21-15-54][TECH] Client Manager OnUpdateFinish
[2025-08-17_21-15-54][TECH] Update
[2025-08-17_21-15-54][TECH] PollFDManager Update
[2025-08-17_21-16-27][TECH] ListenerManager Update
[2025-08-17_21-16-27][TECH] ClientManager Update
[2025-08-17_21-16-27][TECH] CommandManager Update
[2025-08-17_21-16-27][TECH] CommandData { prefix="", cmd="PING", args=["ircserv"], client=user1, hash=1346981447 }
[2025-08-17_21-16-27][TECH] Client Manager OnUpdateFinish
[2025-08-17_21-16-27][TECH] Update
[2025-08-17_21-16-27][TECH] PollFDManager Update
[2025-08-17_21-16-27][TECH] ListenerManager Update
[2025-08-17_21-16-27][TECH] ClientManager Update
[2025-08-17_21-16-27][TECH] CommandManager Update
[2025-08-17_21-16-27][TECH] Client Manager OnUpdateFinish
[2025-08-17_21-16-27][TECH] Update
[2025-08-17_21-16-27][TECH] PollFDManager Update
[2025-08-17_21-16-30][TECH] ListenerManager Update
[2025-08-17_21-16-30][TECH] ClientManager Update
[2025-08-17_21-16-30][TECH] CommandManager Update
[2025-08-17_21-16-30][TECH] CommandData { prefix="", cmd="PING", args=["ircserv"], client=user2, hash=1346981447 }
[2025-08-17_21-16-30][TECH] Client Manager OnUpdateFinish
[2025-08-17_21-16-30][TECH] Update
[2025-08-17_21-16-30][TECH] PollFDManager Update
[2025-08-17_21-16-30][TECH] ListenerManager Update
[2025-08-17_21-16-30][TECH] ClientManager Update
[2025-08-17_21-16-30][TECH] CommandManager Update
[2025-08-17_21-16-30][TECH] Client Manager OnUpdateFinish
[2025-08-17_21-16-30][TECH] Update
[2025-08-17_21-16-30][TECH] PollFDManager Update
[2025-08-17_21-16-45][TECH] ListenerManager Update
[2025-08-17_21-16-45][TECH] ClientManager Update
[2025-08-17_21-16-45][TECH] CommandManager Update
[2025-08-17_21-16-45][TECH] CommandData { prefix="", cmd="PING", args=["ircserv"], client=user3, hash=1346981447 }
[2025-08-17_21-16-45][TECH] Client Manager OnUpdateFinish
[2025-08-17_21-16-45][TECH] Update
[2025-08-17_21-16-45][TECH] PollFDManager Update
[2025-08-17_21-16-45][TECH] ListenerManager Update
[2025-08-17_21-16-45][TECH] ClientManager Update
[2025-08-17_21-16-45][TECH] CommandManager Update
[2025-08-17_21-16-45][TECH] Client Manager OnUpdateFinish
[2025-08-17_21-16-45][TECH] Update
[2025-08-17_21-16-45][TECH] PollFDManager Update
[2025-08-17_21-17-09][TECH] ListenerManager Update
[2025-08-17_21-17-09][TECH] ClientManager Update
[2025-08-17_21-17-09][TECH] CommandManager Update
[2025-08-17_21-17-09][TECH] CommandData { prefix="", cmd="TOPIC", args=["#channel", "bonsoir"], client=user2, hash=1414484041 }
[2025-08-17_21-17-09][TECH] Client Manager OnUpdateFinish
[2025-08-17_21-17-09][TECH] Update
[2025-08-17_21-17-09][TECH] PollFDManager Update
[2025-08-17_21-17-09][TECH] ListenerManager Update
[2025-08-17_21-17-09][TECH] ClientManager Update
[2025-08-17_21-17-09][TECH] CommandManager Update
[2025-08-17_21-17-09][TECH] Client Manager OnUpdateFinish
[2025-08-17_21-17-09][TECH] Update
[2025-08-17_21-17-09][TECH] PollFDManager Update
[2025-08-17_21-17-16][TECH] ListenerManager Update
[2025-08-17_21-17-16][TECH] ClientManager Update
[2025-08-17_21-17-16][TECH] CommandManager Update
[2025-08-17_21-17-16][TECH] CommandData { prefix="", cmd="MODE", args=["#channel", "-t"], client=user1, hash=1297040453 }
[2025-08-17_21-17-16][TECH] Client Manager OnUpdateFinish
[2025-08-17_21-17-16][TECH] Update
[2025-08-17_21-17-16][TECH] PollFDManager Update
[2025-08-17_21-17-16][TECH] ListenerManager Update
[2025-08-17_21-17-16][TECH] ClientManager Update
[2025-08-17_21-17-16][TECH] CommandManager Update
[2025-08-17_21-17-16][TECH] Client Manager OnUpdateFinish
[2025-08-17_21-17-16][TECH] Update
[2025-08-17_21-17-16][TECH] PollFDManager Update
[2025-08-17_21-17-19][TECH] ListenerManager Update
[2025-08-17_21-17-19][TECH] ClientManager Update
[2025-08-17_21-17-19][TECH] CommandManager Update
[2025-08-17_21-17-19][TECH] CommandData { prefix="", cmd="TOPIC", args=["#channel", "bonsoir"], client=user2, hash=1414484041 }
[2025-08-17_21-17-19][TECH] Client Manager OnUpdateFinish
[2025-08-17_21-17-19][TECH] Update
[2025-08-17_21-17-19][TECH] PollFDManager Update
[2025-08-17_21-17-19][TECH] ListenerManager Update
[2025-08-17_21-17-19][TECH] ClientManager Update
[2025-08-17_21-17-19][TECH] CommandManager Update
[2025-08-17_21-17-19][TECH] Client Manager OnUpdateFinish
[2025-08-17_21-17-19][TECH] Update
[2025-08-17_21-17-19][TECH] PollFDManager Update
[2025-08-17_21-17-28][TECH] ListenerManager Update
[2025-08-17_21-17-28][TECH] ClientManager Update
[2025-08-17_21-17-28][TECH] CommandManager Update
[2025-08-17_21-17-28][TECH] CommandData { prefix="", cmd="PING", args=["ircserv"], client=user1, hash=1346981447 }
[2025-08-17_21-17-28][TECH] Client Manager OnUpdateFinish
[2025-08-17_21-17-28][TECH] Update
[2025-08-17_21-17-28][TECH] PollFDManager Update
[2025-08-17_21-17-28][TECH] ListenerManager Update
[2025-08-17_21-17-28][TECH] ClientManager Update
[2025-08-17_21-17-28][TECH] CommandManager Update
[2025-08-17_21-17-28][TECH] Client Manager OnUpdateFinish
[2025-08-17_21-17-28][TECH] Update
[2025-08-17_21-17-28][TECH] PollFDManager Update
[2025-08-17_21-17-31][TECH] ListenerManager Update
[2025-08-17_21-17-31][TECH] ClientManager Update
[2025-08-17_21-17-31][TECH] CommandManager Update
[2025-08-17_21-17-31][TECH] CommandData { prefix="", cmd="PING", args=["ircserv"], client=user2, hash=1346981447 }
[2025-08-17_21-17-31][TECH] Client Manager OnUpdateFinish
[2025-08-17_21-17-31][TECH] Update
[2025-08-17_21-17-31][TECH] PollFDManager Update
[2025-08-17_21-17-31][TECH] ListenerManager Update
[2025-08-17_21-17-31][TECH] ClientManager Update
[2025-08-17_21-17-31][TECH] CommandManager Update
[2025-08-17_21-17-31][TECH] Client Manager OnUpdateFinish
[2025-08-17_21-17-31][TECH] Update
[2025-08-17_21-17-31][TECH] PollFDManager Update
[2025-08-17_21-17-35][TECH] ListenerManager Update
[2025-08-17_21-17-35][TECH] ClientManager Update
[2025-08-17_21-17-35][TECH] CommandManager Update
[2025-08-17_21-17-35][TECH] CommandData { prefix="", cmd="MODE", args=["#channel", "+t"], client=user1, hash=1297040453 }
[2025-08-17_21-17-35][TECH] Client Manager OnUpdateFinish
[2025-08-17_21-17-35][TECH] Update
[2025-08-17_21-17-35][TECH] PollFDManager Update
[2025-08-17_21-17-35][TECH] ListenerManager Update
[2025-08-17_21-17-35][TECH] ClientManager Update
[2025-08-17_21-17-35][TECH] CommandManager Update
[2025-08-17_21-17-35][TECH] Client Manager OnUpdateFinish
[2025-08-17_21-17-35][TECH] Update
[2025-08-17_21-17-35][TECH] PollFDManager Update
[2025-08-17_21-17-46][TECH] ListenerManager Update
[2025-08-17_21-17-46][TECH] ClientManager Update
[2025-08-17_21-17-46][TECH] CommandManager Update
[2025-08-17_21-17-46][TECH] CommandData { prefix="", cmd="MODE", args=["#channel", "+o", "user3"], client=user1, hash=1297040453 }
[2025-08-17_21-17-46][TECH] Client Manager OnUpdateFinish
[2025-08-17_21-17-46][TECH] Update
[2025-08-17_21-17-46][TECH] PollFDManager Update
[2025-08-17_21-17-46][TECH] ListenerManager Update
[2025-08-17_21-17-46][TECH] ClientManager Update
[2025-08-17_21-17-46][TECH] CommandManager Update
[2025-08-17_21-17-46][TECH] Client Manager OnUpdateFinish
[2025-08-17_21-17-46][TECH] Update
[2025-08-17_21-17-46][TECH] PollFDManager Update
[2025-08-17_21-17-46][TECH] ListenerManager Update
[2025-08-17_21-17-46][TECH] ClientManager Update
[2025-08-17_21-17-46][TECH] CommandManager Update
[2025-08-17_21-17-46][TECH] CommandData { prefix="", cmd="PING", args=["ircserv"], client=user3, hash=1346981447 }
[2025-08-17_21-17-46][TECH] Client Manager OnUpdateFinish
[2025-08-17_21-17-46][TECH] Update
[2025-08-17_21-17-46][TECH] PollFDManager Update
[2025-08-17_21-17-46][TECH] ListenerManager Update
[2025-08-17_21-17-46][TECH] ClientManager Update
[2025-08-17_21-17-46][TECH] CommandManager Update
[2025-08-17_21-17-46][TECH] Client Manager OnUpdateFinish
[2025-08-17_21-17-46][TECH] Update
[2025-08-17_21-17-46][TECH] PollFDManager Update
[2025-08-17_21-18-00][TECH] ListenerManager Update
[2025-08-17_21-18-00][TECH] ClientManager Update
[2025-08-17_21-18-00][TECH] CommandManager Update
[2025-08-17_21-18-00][TECH] CommandData { prefix="", cmd="TOPIC", args=["#channel", "bonjour"], client=user3, hash=1414484041 }
[2025-08-17_21-18-00][TECH] Client Manager OnUpdateFinish
[2025-08-17_21-18-00][TECH] Update
[2025-08-17_21-18-00][TECH] PollFDManager Update
[2025-08-17_21-18-00][TECH] ListenerManager Update
[2025-08-17_21-18-00][TECH] ClientManager Update
[2025-08-17_21-18-00][TECH] CommandManager Update
[2025-08-17_21-18-00][TECH] Client Manager OnUpdateFinish
[2025-08-17_21-18-00][TECH] Update
[2025-08-17_21-18-00][TECH] PollFDManager Update
[2025-08-17_21-18-06][TECH] ListenerManager Update
[2025-08-17_21-18-06][TECH] ClientManager Update
[2025-08-17_21-18-06][TECH] CommandManager Update
[2025-08-17_21-18-06][TECH] CommandData { prefix="", cmd="TOPIC", args=["#channel", "bonjour"], client=user2, hash=1414484041 }
[2025-08-17_21-18-06][TECH] Client Manager OnUpdateFinish
[2025-08-17_21-18-06][TECH] Update
[2025-08-17_21-18-06][TECH] PollFDManager Update
[2025-08-17_21-18-06][TECH] ListenerManager Update
[2025-08-17_21-18-06][TECH] ClientManager Update
[2025-08-17_21-18-06][TECH] CommandManager Update
[2025-08-17_21-18-06][TECH] Client Manager OnUpdateFinish
[2025-08-17_21-18-06][TECH] Update
[2025-08-17_21-18-06][TECH] PollFDManager Update
[2025-08-17_21-18-10][TECH] ListenerManager Update
[2025-08-17_21-18-10][TECH] ClientManager Update
[2025-08-17_21-18-10][TECH] CommandManager Update
[2025-08-17_21-18-10][TECH] CommandData { prefix="", cmd="QUIT", args=["leaving"], client=user2, hash=1364543828 }
[2025-08-17_21-18-10][TECH] Client Manager OnUpdateFinish
[2025-08-17_21-18-10][TECH] Update
[2025-08-17_21-18-10][TECH] PollFDManager Update
[2025-08-17_21-18-10][TECH] ListenerManager Update
[2025-08-17_21-18-10][TECH] ClientManager Update
[2025-08-17_21-18-10][TECH] CommandManager Update
[2025-08-17_21-18-10][TECH] Client Manager OnUpdateFinish
[2025-08-17_21-18-10][TECH] Update
[2025-08-17_21-18-10][TECH] PollFDManager Update
[2025-08-17_21-18-17][TECH] ListenerManager Update
[2025-08-17_21-18-17][TECH] ClientManager Update
[2025-08-17_21-18-17][TECH] CommandManager Update
[2025-08-17_21-18-17][TECH] CommandData { prefix="", cmd="QUIT", args=["leaving"], client=user3, hash=1364543828 }
[2025-08-17_21-18-17][TECH] Client Manager OnUpdateFinish
[2025-08-17_21-18-17][TECH] Update
[2025-08-17_21-18-17][TECH] PollFDManager Update
[2025-08-17_21-18-17][TECH] ListenerManager Update
[2025-08-17_21-18-17][TECH] ClientManager Update
[2025-08-17_21-18-17][TECH] CommandManager Update
[2025-08-17_21-18-17][TECH] Client Manager OnUpdateFinish
[2025-08-17_21-18-17][TECH] Update
[2025-08-17_21-18-17][TECH] PollFDManager Update
[2025-08-17_21-18-22][TECH] ListenerManager Update
[2025-08-17_21-18-22][TECH] ClientManager Update
[2025-08-17_21-18-22][TECH] CommandManager Update
[2025-08-17_21-18-22][TECH] CommandData { prefix="", cmd="QUIT", args=["leaving"], client=user1, hash=1364543828 }
[2025-08-17_21-18-22][TECH] Client Manager OnUpdateFinish
[2025-08-17_21-18-22][TECH] Update
[2025-08-17_21-18-22][TECH] PollFDManager Update
[2025-08-17_21-18-22][TECH] ListenerManager Update
[2025-08-17_21-18-22][TECH] ClientManager Update
[2025-08-17_21-18-22][TECH] CommandManager Update
[2025-08-17_21-18-23][TECH] Client Manager OnUpdateFinish
[2025-08-17_21-18-23][TECH] Update
[2025-08-17_21-18-23][TECH] PollFDManager Update
[2025-08-17_21-18-27][TECH] ListenerManager Update
[2025-08-17_21-18-27][TECH] ClientManager Update
[2025-08-17_21-18-27][TECH] CommandManager Update
[2025-08-17_21-18-27][TECH] Client Manager OnUpdateFinish
